This is pdfTeX, Version 3.14159265-2.6-1.40.16 (TeX Live 2015/Debian) (preloaded format=pdflatex 2017.11.3)  15 DEC 2017 20:10
entering extended mode
 restricted \write18 enabled.
 %&-line parsing enabled.
**bare_conf_compsoc.tex
(./bare_conf_compsoc.tex
LaTeX2e <2016/02/01>
Babel <3.9q> and hyphenation patterns for 81 language(s) loaded.
(./IEEEtran.cls
Document Class: IEEEtran 2015/08/26 V1.8b by Michael Shell
-- See the "IEEEtran_HOWTO" manual for usage information.
-- http://www.michaelshell.org/tex/ieeetran/
\@IEEEtrantmpdimenA=\dimen102
\@IEEEtrantmpdimenB=\dimen103
\@IEEEtrantmpdimenC=\dimen104
\@IEEEtrantmpcountA=\count79
\@IEEEtrantmpcountB=\count80
\@IEEEtrantmpcountC=\count81
\@IEEEtrantmptoksA=\toks14
LaTeX Font Info:    Try loading font information for OT1+ptm on input line 503.

(/usr/share/texlive/texmf-dist/tex/latex/psnfss/ot1ptm.fd
File: ot1ptm.fd 2001/06/04 font definitions for OT1/ptm.
)
-- Using IEEE Computer Society mode.
-- Using 8.5in x 11in (letter) paper.
-- Using PDF output.
\@IEEEnormalsizeunitybaselineskip=\dimen105
-- This is a 10 point document.
\CLASSINFOnormalsizebaselineskip=\dimen106
\CLASSINFOnormalsizeunitybaselineskip=\dimen107
\IEEEnormaljot=\dimen108
LaTeX Font Info:    Font shape `OT1/ptm/bx/n' in size <5.01874> not available
(Font)              Font shape `OT1/ptm/b/n' tried instead on input line 1090.
LaTeX Font Info:    Font shape `OT1/ptm/bx/it' in size <5.01874> not available
(Font)              Font shape `OT1/ptm/b/it' tried instead on input line 1090.

LaTeX Font Info:    Font shape `OT1/ptm/bx/n' in size <7.02625> not available
(Font)              Font shape `OT1/ptm/b/n' tried instead on input line 1090.
LaTeX Font Info:    Font shape `OT1/ptm/bx/it' in size <7.02625> not available
(Font)              Font shape `OT1/ptm/b/it' tried instead on input line 1090.

LaTeX Font Info:    Font shape `OT1/ptm/bx/n' in size <8.03> not available
(Font)              Font shape `OT1/ptm/b/n' tried instead on input line 1090.
LaTeX Font Info:    Font shape `OT1/ptm/bx/it' in size <8.03> not available
(Font)              Font shape `OT1/ptm/b/it' tried instead on input line 1090.

LaTeX Font Info:    Font shape `OT1/ptm/bx/n' in size <9.03374> not available
(Font)              Font shape `OT1/ptm/b/n' tried instead on input line 1090.
LaTeX Font Info:    Font shape `OT1/ptm/bx/it' in size <9.03374> not available
(Font)              Font shape `OT1/ptm/b/it' tried instead on input line 1090.

LaTeX Font Info:    Font shape `OT1/ptm/bx/n' in size <10.03749> not available
(Font)              Font shape `OT1/ptm/b/n' tried instead on input line 1090.
LaTeX Font Info:    Font shape `OT1/ptm/bx/it' in size <10.03749> not available

(Font)              Font shape `OT1/ptm/b/it' tried instead on input line 1090.

LaTeX Font Info:    Font shape `OT1/ptm/bx/n' in size <11.04124> not available
(Font)              Font shape `OT1/ptm/b/n' tried instead on input line 1090.
LaTeX Font Info:    Font shape `OT1/ptm/bx/it' in size <11.04124> not available

(Font)              Font shape `OT1/ptm/b/it' tried instead on input line 1090.

LaTeX Font Info:    Font shape `OT1/ptm/bx/n' in size <12.045> not available
(Font)              Font shape `OT1/ptm/b/n' tried instead on input line 1090.
LaTeX Font Info:    Font shape `OT1/ptm/bx/it' in size <12.045> not available
(Font)              Font shape `OT1/ptm/b/it' tried instead on input line 1090.

LaTeX Font Info:    Font shape `OT1/ptm/bx/n' in size <17.06374> not available
(Font)              Font shape `OT1/ptm/b/n' tried instead on input line 1090.
LaTeX Font Info:    Font shape `OT1/ptm/bx/it' in size <17.06374> not available

(Font)              Font shape `OT1/ptm/b/it' tried instead on input line 1090.

LaTeX Font Info:    Font shape `OT1/ptm/bx/n' in size <20.075> not available
(Font)              Font shape `OT1/ptm/b/n' tried instead on input line 1090.
LaTeX Font Info:    Font shape `OT1/ptm/bx/it' in size <20.075> not available
(Font)              Font shape `OT1/ptm/b/it' tried instead on input line 1090.

LaTeX Font Info:    Font shape `OT1/ptm/bx/n' in size <24.09> not available
(Font)              Font shape `OT1/ptm/b/n' tried instead on input line 1090.
LaTeX Font Info:    Font shape `OT1/ptm/bx/it' in size <24.09> not available
(Font)              Font shape `OT1/ptm/b/it' tried instead on input line 1090.

\IEEEquantizedlength=\dimen109
\IEEEquantizedlengthdiff=\dimen110
\IEEEquantizedtextheightdiff=\dimen111
\IEEEilabelindentA=\dimen112
\IEEEilabelindentB=\dimen113
\IEEEilabelindent=\dimen114
\IEEEelabelindent=\dimen115
\IEEEdlabelindent=\dimen116
\IEEElabelindent=\dimen117
\IEEEiednormlabelsep=\dimen118
\IEEEiedmathlabelsep=\dimen119
\IEEEiedtopsep=\skip41
\c@section=\count82
\c@subsection=\count83
\c@subsubsection=\count84
\c@paragraph=\count85
\c@IEEEsubequation=\count86
\abovecaptionskip=\skip42
\belowcaptionskip=\skip43
\c@figure=\count87
\c@table=\count88
\@IEEEeqnnumcols=\count89
\@IEEEeqncolcnt=\count90
\@IEEEsubeqnnumrollback=\count91
\@IEEEquantizeheightA=\dimen120
\@IEEEquantizeheightB=\dimen121
\@IEEEquantizeheightC=\dimen122
\@IEEEquantizeprevdepth=\dimen123
\@IEEEquantizemultiple=\count92
\@IEEEquantizeboxA=\box26
\@IEEEtmpitemindent=\dimen124
\IEEEPARstartletwidth=\dimen125
\c@IEEEbiography=\count93
\@IEEEtranrubishbin=\box27
) (/usr/share/texlive/texmf-dist/tex/latex/graphics/graphicx.sty
Package: graphicx 2014/10/28 v1.0g Enhanced LaTeX Graphics (DPC,SPQR)

(/usr/share/texlive/texmf-dist/tex/latex/graphics/keyval.sty
Package: keyval 2014/10/28 v1.15 key=value parser (DPC)
\KV@toks@=\toks15
)
(/usr/share/texlive/texmf-dist/tex/latex/graphics/graphics.sty
Package: graphics 2016/01/03 v1.0q Standard LaTeX Graphics (DPC,SPQR)

(/usr/share/texlive/texmf-dist/tex/latex/graphics/trig.sty
Package: trig 2016/01/03 v1.10 sin cos tan (DPC)
)
(/usr/share/texlive/texmf-dist/tex/latex/latexconfig/graphics.cfg
File: graphics.cfg 2010/04/23 v1.9 graphics configuration of TeX Live
)
Package graphics Info: Driver file: pdftex.def on input line 95.

(/usr/share/texlive/texmf-dist/tex/latex/pdftex-def/pdftex.def
File: pdftex.def 2011/05/27 v0.06d Graphics/color for pdfTeX

(/usr/share/texlive/texmf-dist/tex/generic/oberdiek/infwarerr.sty
Package: infwarerr 2010/04/08 v1.3 Providing info/warning/error messages (HO)
)
(/usr/share/texlive/texmf-dist/tex/generic/oberdiek/ltxcmds.sty
Package: ltxcmds 2011/11/09 v1.22 LaTeX kernel commands for general use (HO)
)
\Gread@gobject=\count94
))
\Gin@req@height=\dimen126
\Gin@req@width=\dimen127
)
(/usr/share/texlive/texmf-dist/tex/latex/cite/cite.sty
LaTeX Info: Redefining \cite on input line 302.
LaTeX Info: Redefining \nocite on input line 332.
Package: cite 2015/02/27  v 5.5
)
(/usr/share/texlive/texmf-dist/tex/latex/subfig/subfig.sty
Package: subfig 2005/06/28 ver: 1.3 subfig package

(/usr/share/texlive/texmf-dist/tex/latex/caption/caption3.sty
Package: caption3 2016/02/04 v1.7-139 caption3 kernel (AR)
Package caption3 Info: TeX engine: e-TeX on input line 67.
\captionmargin=\dimen128
\captionmargin@=\dimen129
\captionwidth=\dimen130
\caption@tempdima=\dimen131
\caption@indent=\dimen132
\caption@parindent=\dimen133
\caption@hangindent=\dimen134
Package caption Info: Unknown document class (or package),
(caption)             standard defaults will be used.
)
\c@KVtest=\count95
\sf@farskip=\skip44
\sf@captopadj=\dimen135
\sf@capskip=\skip45
\sf@nearskip=\skip46
\c@subfigure=\count96
\c@subfigure@save=\count97
\c@lofdepth=\count98
\c@subtable=\count99
\c@subtable@save=\count100
\c@lotdepth=\count101
\sf@top=\skip47
\sf@bottom=\skip48
)
(./bare_conf_compsoc.aux

LaTeX Warning: Label `fig_scenario5' multiply defined.

)
\openout1 = `bare_conf_compsoc.aux'.

LaTeX Font Info:    Checking defaults for OML/cmm/m/it on input line 329.
LaTeX Font Info:    ... okay on input line 329.
LaTeX Font Info:    Checking defaults for T1/cmr/m/n on input line 329.
LaTeX Font Info:    ... okay on input line 329.
LaTeX Font Info:    Checking defaults for OT1/cmr/m/n on input line 329.
LaTeX Font Info:    ... okay on input line 329.
LaTeX Font Info:    Checking defaults for OMS/cmsy/m/n on input line 329.
LaTeX Font Info:    ... okay on input line 329.
LaTeX Font Info:    Checking defaults for OMX/cmex/m/n on input line 329.
LaTeX Font Info:    ... okay on input line 329.
LaTeX Font Info:    Checking defaults for U/cmr/m/n on input line 329.
LaTeX Font Info:    ... okay on input line 329.

-- Lines per column: 58 (exact).
(/usr/share/texlive/texmf-dist/tex/context/base/supp-pdf.mkii
[Loading MPS to PDF converter (version 2006.09.02).]
\scratchcounter=\count102
\scratchdimen=\dimen136
\scratchbox=\box28
\nofMPsegments=\count103
\nofMParguments=\count104
\everyMPshowfont=\toks16
\MPscratchCnt=\count105
\MPscratchDim=\dimen137
\MPnumerator=\count106
\makeMPintoPDFobject=\count107
\everyMPtoPDFconversion=\toks17
) (/usr/share/texlive/texmf-dist/tex/generic/oberdiek/pdftexcmds.sty
Package: pdftexcmds 2011/11/29 v0.20 Utility functions of pdfTeX for LuaTeX (HO
)

(/usr/share/texlive/texmf-dist/tex/generic/oberdiek/ifluatex.sty
Package: ifluatex 2010/03/01 v1.3 Provides the ifluatex switch (HO)
Package ifluatex Info: LuaTeX not detected.
)
(/usr/share/texlive/texmf-dist/tex/generic/oberdiek/ifpdf.sty
Package: ifpdf 2011/01/30 v2.3 Provides the ifpdf switch (HO)
Package ifpdf Info: pdfTeX in PDF mode is detected.
)
Package pdftexcmds Info: LuaTeX not detected.
Package pdftexcmds Info: \pdf@primitive is available.
Package pdftexcmds Info: \pdf@ifprimitive is available.
Package pdftexcmds Info: \pdfdraftmode found.
)
(/usr/share/texlive/texmf-dist/tex/latex/oberdiek/epstopdf-base.sty
Package: epstopdf-base 2010/02/09 v2.5 Base part for package epstopdf

(/usr/share/texlive/texmf-dist/tex/latex/oberdiek/grfext.sty
Package: grfext 2010/08/19 v1.1 Manage graphics extensions (HO)

(/usr/share/texlive/texmf-dist/tex/generic/oberdiek/kvdefinekeys.sty
Package: kvdefinekeys 2011/04/07 v1.3 Define keys (HO)
))
(/usr/share/texlive/texmf-dist/tex/latex/oberdiek/kvoptions.sty
Package: kvoptions 2011/06/30 v3.11 Key value format for package options (HO)

(/usr/share/texlive/texmf-dist/tex/generic/oberdiek/kvsetkeys.sty
Package: kvsetkeys 2012/04/25 v1.16 Key value parser (HO)

(/usr/share/texlive/texmf-dist/tex/generic/oberdiek/etexcmds.sty
Package: etexcmds 2011/02/16 v1.5 Avoid name clashes with e-TeX commands (HO)
Package etexcmds Info: Could not find \expanded.
(etexcmds)             That can mean that you are not using pdfTeX 1.50 or
(etexcmds)             that some package has redefined \expanded.
(etexcmds)             In the latter case, load this package earlier.
)))
Package grfext Info: Graphics extension search list:
(grfext)             [.png,.pdf,.jpg,.mps,.jpeg,.jbig2,.jb2,.PNG,.PDF,.JPG,.JPE
G,.JBIG2,.JB2,.eps]
(grfext)             \AppendGraphicsExtensions on input line 452.

(/usr/share/texlive/texmf-dist/tex/latex/latexconfig/epstopdf-sys.cfg
File: epstopdf-sys.cfg 2010/07/13 v1.3 Configuration of (r)epstopdf for TeX Liv
e
))
Package caption Info: Begin \AtBeginDocument code.
Package caption Info: subfig package v1.3 is loaded.
Package caption Info: End \AtBeginDocument code.
LaTeX Font Info:    Try loading font information for OT1+phv on input line 389.


(/usr/share/texlive/texmf-dist/tex/latex/psnfss/ot1phv.fd
File: ot1phv.fd 2001/06/04 scalable font definitions for OT1/phv.
)
LaTeX Font Info:    Font shape `OT1/ptm/bx/n' in size <14.05249> not available
(Font)              Font shape `OT1/ptm/b/n' tried instead on input line 389.

Underfull \vbox (badness 10000) has occurred while \output is active []

 [1{/var/lib/texmf/fonts/map/pdftex/updmap/pdftex.map}


]
LaTeX Font Info:    Calculating math sizes for size <10.03749> on input line 49
1.
LaTeX Font Info:    External font `cmex10' loaded for size
(Font)              <10.03749> on input line 491.
LaTeX Font Info:    External font `cmex10' loaded for size
(Font)              <7.0262> on input line 491.
LaTeX Font Info:    External font `cmex10' loaded for size
(Font)              <5.01874> on input line 491.
 [2]
<Figs/Image_Paper.png, id=20, 1396.4672pt x 753.5653pt>
File: Figs/Image_Paper.png Graphic file (type png)

<use Figs/Image_Paper.png>
Package pdftex.def Info: Figs/Image_Paper.png used on input line 607.
(pdftex.def)             Requested size: 216.81pt x 116.98538pt.

<Figs/Image_Paper_blurred.png, id=21, 1396.4672pt x 753.5653pt>
File: Figs/Image_Paper_blurred.png Graphic file (type png)

<use Figs/Image_Paper_blurred.png>
Package pdftex.def Info: Figs/Image_Paper_blurred.png used on input line 625.
(pdftex.def)             Requested size: 216.81pt x 116.98538pt.


LaTeX Warning: Reference `' on page 3 undefined on input line 651.

[3 <./Figs/Image_Paper.png (PNG copy)> <./Figs/Image_Paper_blurred.png (PNG cop
y)>] <Figs/Caso1/synthetic.png, id=25, 243.15843pt x 627.09282pt>
File: Figs/Caso1/synthetic.png Graphic file (type png)

<use Figs/Caso1/synthetic.png>
Package pdftex.def Info: Figs/Caso1/synthetic.png used on input line 742.
(pdftex.def)             Requested size: 144.54pt x 372.75647pt.

Underfull \hbox (badness 1412) in paragraph at lines 742--742
[]\OT1/phv/m/n/8.03 (a) |Syn-thetic acous-tic impedance im-
 []

<Figs/Caso1/blurred.png, id=27, 243.91125pt x 627.84563pt>
File: Figs/Caso1/blurred.png Graphic file (type png)

<use Figs/Caso1/blurred.png>
Package pdftex.def Info: Figs/Caso1/blurred.png used on input line 745.
(pdftex.def)             Requested size: 144.54pt x 372.05432pt.
LaTeX Font Info:    Calculating math sizes for size <8.03> on input line 745.
LaTeX Font Info:    External font `cmex10' loaded for size
(Font)              <8.03> on input line 745.
LaTeX Font Info:    External font `cmex10' loaded for size
(Font)              <5.62097> on input line 745.
LaTeX Font Info:    External font `cmex10' loaded for size
(Font)              <4.015> on input line 745.

<Figs/Caso1/cnn.png, id=28, 243.91125pt x 625.58719pt>
File: Figs/Caso1/cnn.png Graphic file (type png)

<use Figs/Caso1/cnn.png>
Package pdftex.def Info: Figs/Caso1/cnn.png used on input line 748.
(pdftex.def)             Requested size: 144.54pt x 370.716pt.

<Figs/Caso6/synthetic.png, id=29, 246.9225pt x 621.07031pt>
File: Figs/Caso6/synthetic.png Graphic file (type png)

<use Figs/Caso6/synthetic.png>
Package pdftex.def Info: Figs/Caso6/synthetic.png used on input line 809.
(pdftex.def)             Requested size: 144.54pt x 363.54736pt.

Underfull \hbox (badness 1412) in paragraph at lines 809--809
[]\OT1/phv/m/n/8.03 (a) |Syn-thetic acous-tic impedance im-
 []

<Figs/Caso6/blurred.png, id=30, 246.9225pt x 621.07031pt>
File: Figs/Caso6/blurred.png Graphic file (type png)

<use Figs/Caso6/blurred.png>
Package pdftex.def Info: Figs/Caso6/blurred.png used on input line 812.
(pdftex.def)             Requested size: 144.54pt x 363.54736pt.

<Figs/Caso6/cnn.png, id=31, 246.9225pt x 621.07031pt>
File: Figs/Caso6/cnn.png Graphic file (type png)
 <use Figs/Caso6/cnn.png>
Package pdftex.def Info: Figs/Caso6/cnn.png used on input line 815.
(pdftex.def)             Requested size: 144.54pt x 363.54736pt.

[4] [5 <./Figs/Caso1/synthetic.png> <./Figs/Caso1/blurred.png> <./Figs/Caso1/cn
n.png>] <Figs/Caso2/synthetic.png, id=45, 252.945pt x 626.34pt>
File: Figs/Caso2/synthetic.png Graphic file (type png)

<use Figs/Caso2/synthetic.png>
Package pdftex.def Info: Figs/Caso2/synthetic.png used on input line 875.
(pdftex.def)             Requested size: 144.54pt x 357.91588pt.

Underfull \hbox (badness 1412) in paragraph at lines 875--875
[]\OT1/phv/m/n/8.03 (a) |Syn-thetic acous-tic impedance im-
 []

<Figs/Caso2/blurred.png, id=46, 252.945pt x 626.34pt>
File: Figs/Caso2/blurred.png Graphic file (type png)

<use Figs/Caso2/blurred.png>
Package pdftex.def Info: Figs/Caso2/blurred.png used on input line 878.
(pdftex.def)             Requested size: 144.54pt x 357.91588pt.

<Figs/Caso2/cnn.png, id=47, 250.68657pt x 627.09282pt>
File: Figs/Caso2/cnn.png Graphic file (type png)

<use Figs/Caso2/cnn.png>
Package pdftex.def Info: Figs/Caso2/cnn.png used on input line 881.
(pdftex.def)             Requested size: 144.54pt x 361.58028pt.
 <Figs/Caso5.png, id=48, 1396.4672pt x 753.5653pt>
File: Figs/Caso5.png Graphic file (type png)

<use Figs/Caso5.png>
Package pdftex.def Info: Figs/Caso5.png used on input line 924.
(pdftex.def)             Requested size: 216.81pt x 116.98538pt.

<Figs/Caso5/synthetic.png, id=49, 247.67531pt x 607.51968pt>
File: Figs/Caso5/synthetic.png Graphic file (type png)

<use Figs/Caso5/synthetic.png>
Package pdftex.def Info: Figs/Caso5/synthetic.png used on input line 933.
(pdftex.def)             Requested size: 144.54pt x 354.5401pt.

Underfull \hbox (badness 1412) in paragraph at lines 933--933
[]\OT1/phv/m/n/8.03 (a) |Syn-thetic acous-tic impedance im-
 []

<Figs/Caso5/blurred.png, id=50, 246.1697pt x 614.295pt>
File: Figs/Caso5/blurred.png Graphic file (type png)

<use Figs/Caso5/blurred.png>
Package pdftex.def Info: Figs/Caso5/blurred.png used on input line 936.
(pdftex.def)             Requested size: 144.54pt x 360.69682pt.

<Figs/Caso5/cnn.png, id=51, 246.1697pt x 614.295pt>
File: Figs/Caso5/cnn.png Graphic file (type png)
 <use Figs/Caso5/cnn.png>
Package pdftex.def Info: Figs/Caso5/cnn.png used on input line 939.
(pdftex.def)             Requested size: 144.54pt x 360.69682pt.

<Figs/Caso4.png, id=52, 1396.4672pt x 753.5653pt>
File: Figs/Caso4.png Graphic file (type png)
 <use Figs/Caso4.png>
Package pdftex.def Info: Figs/Caso4.png used on input line 988.
(pdftex.def)             Requested size: 216.81pt x 116.98538pt.

Underfull \vbox (badness 6252) has occurred while \output is active []

 [6 <./Figs/Caso6/synthetic.png> <./Figs/Caso6/blurred.png> <./Figs/Caso6/cnn.p
ng>]
[7 <./Figs/Caso2/synthetic.png> <./Figs/Caso2/blurred.png> <./Figs/Caso2/cnn.pn
g> <./Figs/Caso5.png>]
Underfull \vbox (badness 10000) has occurred while \output is active []

 [8 <./Figs/Caso5/synthetic.png> <./Figs/Caso5/blurred.png> <./Figs/Caso5/cnn.p
ng> <./Figs/Caso4.png (PNG copy)>]
Missing character: There is no ‚ in font ptmr7t!
Missing character: There is no Ä in font ptmr7t!
Missing character: There is no ì in font ptmr7t!
Missing character: There is no √ in font ptmr7t!
Missing character: There is no £ in font ptmr7t!
Missing character: There is no √ in font ptmr7t!
Missing character: There is no ¢ in font ptmr7t!
Missing character: There is no √ in font ptmr7t!
Missing character: There is no ß in font ptmr7t!
Missing character: There is no √ in font ptmr7t!
Missing character: There is no £ in font ptmr7t!
Missing character: There is no √ in font ptmr7t!
Missing character: There is no ≠ in font ptmr7t!
Missing character: There is no √ in font ptmr7t!
Missing character: There is no ≥ in font ptmr7t!
Missing character: There is no √ in font ptmr7t!
Missing character: There is no ≠ in font ptmr7t!
Missing character: There is no ‚ in font ptmr7t!
Missing character: There is no Ä in font ptmr7t!
Missing character: There is no ì in font ptmr7t!
Missing character: There is no ‚ in font ptmr7t!
Missing character: There is no Ä in font ptmr7t!
Missing character: There is no ì in font ptmr7t!
Missing character: There is no ‚ in font ptmr7t!
Missing character: There is no Ä in font ptmr7t!
Missing character: There is no ì in font ptmr7t!
Missing character: There is no ‚ in font ptmr7t!
Missing character: There is no Ä in font ptmr7t!
Missing character: There is no ì in font ptmr7t!
Missing character: There is no ‚ in font ptmr7t!
Missing character: There is no Ä in font ptmr7t!
Missing character: There is no ì in font ptmr7t!
Missing character: There is no ‚ in font ptmr7t!
Missing character: There is no Ä in font ptmr7t!
Missing character: There is no ì in font ptmr7t!
Missing character: There is no ‚ in font ptmr7t!
Missing character: There is no Ä in font ptmr7t!
Missing character: There is no ì in font ptmr7t!
Missing character: There is no ‚ in font ptmr7t!
Missing character: There is no Ä in font ptmr7t!
Missing character: There is no ì in font ptmr7t!
Missing character: There is no ‚ in font ptmr7t!
Missing character: There is no Ä in font ptmr7t!
Missing character: There is no ì in font ptmr7t!
Missing character: There is no ‚ in font ptmr7t!
Missing character: There is no Ä in font ptmr7t!
Missing character: There is no ì in font ptmr7t!
Missing character: There is no ‚ in font ptmr7t!
Missing character: There is no Ä in font ptmr7t!
Missing character: There is no ì in font ptmr7t!
Missing character: There is no ‚ in font ptmr7t!
Missing character: There is no Ä in font ptmr7t!
Missing character: There is no ì in font ptmr7t!
Missing character: There is no ‚ in font ptmr7t!
Missing character: There is no Ä in font ptmr7t!
Missing character: There is no ì in font ptmr7t!
Missing character: There is no Ã in font ptmr7t!
Missing character: There is no å in font ptmr7t!
Missing character: There is no ƒ in font ptmr7t!
Missing character: There is no ± in font ptmr7t!
Missing character: There is no Ã in font ptmr7t!
Missing character: There is no Å in font ptmr7t!
Missing character: There is no Ã in font ptmr7t!
Missing character: There is no å in font ptmr7t!
Missing character: There is no ‚ in font ptmr7t!
Missing character: There is no Ä in font ptmr7t!
Missing character: There is no ì in font ptmr7t!
Missing character: There is no Ã in font ptmr7t!
Missing character: There is no å in font ptmr7t!
Missing character: There is no ‚ in font ptmr7t!
Missing character: There is no Ä in font ptmr7t!
Missing character: There is no ì in font ptmr7t!
Missing character: There is no Ã in font ptmr7t!
Missing character: There is no å in font ptmr7t!
Missing character: There is no ‚ in font ptmr7t!
Missing character: There is no Ä in font ptmr7t!
Missing character: There is no ì in font ptmr7t!
Missing character: There is no ‚ in font ptmr7t!
Missing character: There is no Ä in font ptmr7t!
Missing character: There is no ì in font ptmr7t!
Missing character: There is no ‚ in font ptmr7t!
Missing character: There is no Ä in font ptmr7t!
Missing character: There is no ì in font ptmr7t!
Missing character: There is no ‚ in font ptmr7t!
Missing character: There is no Ä in font ptmr7t!
Missing character: There is no ì in font ptmr7t!
 [9]

** Conference Paper **
Before submitting the final camera ready copy, remember to:

 1. Manually equalize the lengths of two columns on the last page
 of your paper;

 2. Ensure that any PostScript and/or PDF output post-processing
 uses only Type 1 fonts and that every step in the generation
 process uses the appropriate paper size.

[10

] (./bare_conf_compsoc.aux)

LaTeX Warning: There were undefined references.


LaTeX Warning: There were multiply-defined labels.

 ) 
Here is how much of TeX's memory you used:
 3389 strings out of 493029
 57183 string characters out of 6136234
 132284 words of memory out of 5000000
 6893 multiletter control sequences out of 15000+600000
 42650 words of font info for 77 fonts, out of 8000000 for 9000
 1144 hyphenation exceptions out of 8191
 38i,10n,49p,392b,392s stack positions out of 5000i,500n,10000p,200000b,80000s
{/usr/share/texlive/texmf-dist/fonts/enc/dvips/base/8r.enc}</usr/share/texliv
e/texmf-dist/fonts/type1/public/amsfonts/cm/cmex10.pfb></usr/share/texlive/texm
f-dist/fonts/type1/public/amsfonts/cm/cmmi10.pfb></usr/share/texlive/texmf-dist
/fonts/type1/public/amsfonts/cm/cmmi7.pfb></usr/share/texlive/texmf-dist/fonts/
type1/public/amsfonts/cm/cmmi8.pfb></usr/share/texlive/texmf-dist/fonts/type1/p
ublic/amsfonts/cm/cmr10.pfb></usr/share/texlive/texmf-dist/fonts/type1/public/a
msfonts/cm/cmr7.pfb></usr/share/texlive/texmf-dist/fonts/type1/public/amsfonts/
cm/cmr8.pfb></usr/share/texlive/texmf-dist/fonts/type1/public/amsfonts/cm/cmsy1
0.pfb></usr/share/texlive/texmf-dist/fonts/type1/public/amsfonts/cm/cmsy6.pfb><
/usr/share/texlive/texmf-dist/fonts/type1/public/amsfonts/cm/cmsy7.pfb></usr/sh
are/texlive/texmf-dist/fonts/type1/urw/helvetic/uhvr8a.pfb></usr/share/texlive/
texmf-dist/fonts/type1/urw/times/utmb8a.pfb></usr/share/texlive/texmf-dist/font
s/type1/urw/times/utmbi8a.pfb></usr/share/texlive/texmf-dist/fonts/type1/urw/ti
mes/utmr8a.pfb></usr/share/texlive/texmf-dist/fonts/type1/urw/times/utmri8a.pfb
>
Output written on bare_conf_compsoc.pdf (10 pages, 736387 bytes).
PDF statistics:
 128 PDF objects out of 1000 (max. 8388607)
 71 compressed objects within 1 object stream
 0 named destinations out of 1000 (max. 500000)
 81 words of extra memory for PDF output out of 10000 (max. 10000000)

