\BOOKMARK [0][-]{chapter.1}{1 Introdu\347\343o}{}% 1
\BOOKMARK [1][-]{section.1.1}{1.1 Hip\363tese}{chapter.1}% 2
\BOOKMARK [1][-]{section.1.2}{1.2 Objetivos}{chapter.1}% 3
\BOOKMARK [2][-]{subsection.1.2.1}{1.2.1 Objetivos Espec\355ficos}{section.1.2}% 4
\BOOKMARK [1][-]{section.1.3}{1.3 Organiza\347\343o do Texto}{chapter.1}% 5
\BOOKMARK [0][-]{chapter.2}{2 Fundamenta\347\343o Te\363rica}{}% 6
\BOOKMARK [1][-]{section.2.1}{2.1 Problema Inverso}{chapter.2}% 7
\BOOKMARK [1][-]{section.2.2}{2.2 Invers\343o S\355smica}{chapter.2}% 8
\BOOKMARK [2][-]{subsection.2.2.1}{2.2.1 Aquisi\347\343o S\355smica}{section.2.2}% 9
\BOOKMARK [1][-]{section.2.3}{2.3 Redes Neurais Convolucionais}{chapter.2}% 10
\BOOKMARK [2][-]{subsection.2.3.1}{2.3.1 Convolu\347\343o}{section.2.3}% 11
\BOOKMARK [2][-]{subsection.2.3.2}{2.3.2 Filtros}{section.2.3}% 12
\BOOKMARK [2][-]{subsection.2.3.3}{2.3.3 Pooling}{section.2.3}% 13
\BOOKMARK [2][-]{subsection.2.3.4}{2.3.4 Propriedades das Redes Convolucionais}{section.2.3}% 14
\BOOKMARK [1][-]{section.2.4}{2.4 Resumo}{chapter.2}% 15
\BOOKMARK [0][-]{chapter.3}{3 Revis\343o da Literatura}{}% 16
\BOOKMARK [1][-]{section.3.1}{3.1 M\351todos de Invers\343o S\355smica}{chapter.3}% 17
\BOOKMARK [2][-]{subsection.3.1.1}{3.1.1 Invers\343o S\355smica Linear e N\343o Linear}{section.3.1}% 18
\BOOKMARK [2][-]{subsection.3.1.2}{3.1.2 M\341ximo a posteriori}{section.3.1}% 19
\BOOKMARK [1][-]{section.3.2}{3.2 M\351todos de Super-resolu\347\343o de Imagens}{chapter.3}% 20
\BOOKMARK [2][-]{subsection.3.2.1}{3.2.1 Super-resolu\347\343o por CNN}{section.3.2}% 21
\BOOKMARK [1][-]{section.3.3}{3.3 Resumo}{chapter.3}% 22
\BOOKMARK [0][-]{section.3.3}{Bibliografia}{}% 23
