This is pdfTeX, Version 3.1415926-2.5-1.40.14 (TeX Live 2013/Debian) (format=pdflatex 2015.11.27)  16 JUN 2016 11:24
entering extended mode
 restricted \write18 enabled.
 %&-line parsing enabled.
**exemplo.tex
(./exemplo.tex
LaTeX2e <2011/06/27>
Babel <3.9h> and hyphenation patterns for 3 languages loaded.
(./ufscThesis.cls
Document Class: ufscThesis 
(/usr/share/texmf/tex/latex/abntex/abnt.cls
(/usr/share/texmf/tex/latex/abntex/cvs-id.def)
Document Class: abnt 2006/09/09 v1.32 Classe abnt (NBR6024, NBR6027, NBR6028, N
BR14724)
(/usr/share/texlive/texmf-dist/tex/latex/base/ifthen.sty
Package: ifthen 2001/05/26 v1.1c Standard LaTeX ifthen package (DPC)
)
(/usr/share/texlive/texmf-dist/tex/latex/tools/calc.sty
Package: calc 2007/08/22 v4.3 Infix arithmetic (KKT,FJ)
\calc@Acount=\count79
\calc@Bcount=\count80
\calc@Adimen=\dimen102
\calc@Bdimen=\dimen103
\calc@Askip=\skip41
\calc@Bskip=\skip42
LaTeX Info: Redefining \setlength on input line 76.
LaTeX Info: Redefining \addtolength on input line 77.
\calc@Ccount=\count81
\calc@Cskip=\skip43
)
(/usr/share/texlive/texmf-dist/tex/latex/tools/multicol.sty
Package: multicol 2011/06/27 v1.7a multicolumn formatting (FMi)
\c@tracingmulticols=\count82
\mult@box=\box26
\multicol@leftmargin=\dimen104
\c@unbalance=\count83
\c@collectmore=\count84
\doublecol@number=\count85
\multicoltolerance=\count86
\multicolpretolerance=\count87
\full@width=\dimen105
\page@free=\dimen106
\premulticols=\dimen107
\postmulticols=\dimen108
\multicolsep=\skip44
\multicolbaselineskip=\skip45
\partial@page=\box27
\last@line=\box28
\mult@rightbox=\box29
\mult@grightbox=\box30
\mult@gfirstbox=\box31
\mult@firstbox=\box32
\@tempa=\box33
\@tempa=\box34
\@tempa=\box35
\@tempa=\box36
\@tempa=\box37
\@tempa=\box38
\@tempa=\box39
\@tempa=\box40
\@tempa=\box41
\@tempa=\box42
\@tempa=\box43
\@tempa=\box44
\@tempa=\box45
\@tempa=\box46
\@tempa=\box47
\@tempa=\box48
\@tempa=\box49
\c@columnbadness=\count88
\c@finalcolumnbadness=\count89
\last@try=\dimen109
\multicolovershoot=\dimen110
\multicolundershoot=\dimen111
\mult@nat@firstbox=\box50
\colbreak@box=\box51
\multicol@sort@counter=\count90
)
(/usr/share/texmf/tex/latex/abntex/abntex-abrev.sty
(/usr/share/texmf/tex/latex/abntex/cvs-id.def)
Package: abntex-abrev 2005/11/14 v1.4 Abreviacoes

(/usr/share/texmf/tex/latex/abntex/nbr10522-1988.def
(/usr/share/texmf/tex/latex/abntex/cvs-id.def)
File: nbr10522-1988.def 2003/10/13 v1.2 Abreviacoes bibliograficas (NBR10522:19
88)
)
(/usr/share/texmf/tex/latex/abntex/abntex-abrev-pt_BR.def
(/usr/share/texmf/tex/latex/abntex/cvs-id.def)
File: abntex-abrev-pt_BR.def 2005/11/14 v1.3 definicao de abntex-abrev, traduca
o de termos en_US/pt_BR
))
(/usr/share/texmf/tex/latex/abntex/abntex-text.sty
(/usr/share/texmf/tex/latex/abntex/cvs-id.def)
Package: abntex-text 2005/11/14 v1.1 abnTeX text replacements

(/usr/share/texmf/tex/latex/abntex/abntex-text-pt_BR.def
(/usr/share/texmf/tex/latex/abntex/cvs-id.def)
File: abntex-text-pt_BR.def 2005/12/21 v1.2 Definicao de nomes em Portugues/Bra
sil (pt_BR)
))
(/usr/share/texmf/tex/latex/abntex/abntex-default-design.sty
(/usr/share/texmf/tex/latex/abntex/cvs-id.def)
Package: abntex-default-design 2005/06/22 v1.2 Definicoes de design padrao do a
bntex

(/usr/share/texlive/texmf-dist/tex/latex/relsize/relsize.sty
Package: relsize 2013/03/29 ver 4.1


Package relsize Warning: Failed to get list of defined font sizes.
(relsize)                Size scaling will attempt arbitrary sizes..

)
\ABNTanapindent=\skip46
\ABNTsignwidth=\skip47
\ABNTsignthickness=\skip48
\ABNTsignskip=\skip49
) (/usr/share/texmf/tex/latex/abntex/nbr6027-1989.def)
(/usr/share/texmf/tex/latex/abntex/nbr14724-2001.def)
(/usr/share/texlive/texmf-dist/tex/latex/base/report.cls
Document Class: report 2007/10/19 v1.4h Standard LaTeX document class
(/usr/share/texlive/texmf-dist/tex/latex/base/size10.clo
File: size10.clo 2007/10/19 v1.4h Standard LaTeX file (size option)
)
\c@part=\count91
\c@chapter=\count92
\c@section=\count93
\c@subsection=\count94
\c@subsubsection=\count95
\c@paragraph=\count96
\c@subparagraph=\count97
\c@figure=\count98
\c@table=\count99
\abovecaptionskip=\skip50
\belowcaptionskip=\skip51
\bibindent=\dimen112
)
(/usr/share/texlive/texmf-dist/tex/latex/setspace/setspace.sty
Package: setspace 2011/12/19 v6.7a set line spacing
)
(/usr/share/texlive/texmf-dist/tex/latex/psnfss/mathptmx.sty
Package: mathptmx 2005/04/12 PSNFSS-v9.2a Times w/ Math, improved (SPQR, WaS) 
LaTeX Font Info:    Redeclaring symbol font `operators' on input line 28.
LaTeX Font Info:    Overwriting symbol font `operators' in version `normal'
(Font)                  OT1/cmr/m/n --> OT1/ztmcm/m/n on input line 28.
LaTeX Font Info:    Overwriting symbol font `operators' in version `bold'
(Font)                  OT1/cmr/bx/n --> OT1/ztmcm/m/n on input line 28.
LaTeX Font Info:    Redeclaring symbol font `letters' on input line 29.
LaTeX Font Info:    Overwriting symbol font `letters' in version `normal'
(Font)                  OML/cmm/m/it --> OML/ztmcm/m/it on input line 29.
LaTeX Font Info:    Overwriting symbol font `letters' in version `bold'
(Font)                  OML/cmm/b/it --> OML/ztmcm/m/it on input line 29.
LaTeX Font Info:    Redeclaring symbol font `symbols' on input line 30.
LaTeX Font Info:    Overwriting symbol font `symbols' in version `normal'
(Font)                  OMS/cmsy/m/n --> OMS/ztmcm/m/n on input line 30.
LaTeX Font Info:    Overwriting symbol font `symbols' in version `bold'
(Font)                  OMS/cmsy/b/n --> OMS/ztmcm/m/n on input line 30.
LaTeX Font Info:    Redeclaring symbol font `largesymbols' on input line 31.
LaTeX Font Info:    Overwriting symbol font `largesymbols' in version `normal'
(Font)                  OMX/cmex/m/n --> OMX/ztmcm/m/n on input line 31.
LaTeX Font Info:    Overwriting symbol font `largesymbols' in version `bold'
(Font)                  OMX/cmex/m/n --> OMX/ztmcm/m/n on input line 31.
\symbold=\mathgroup4
\symitalic=\mathgroup5
LaTeX Font Info:    Redeclaring math alphabet \mathbf on input line 34.
LaTeX Font Info:    Overwriting math alphabet `\mathbf' in version `normal'
(Font)                  OT1/cmr/bx/n --> OT1/ptm/bx/n on input line 34.
LaTeX Font Info:    Overwriting math alphabet `\mathbf' in version `bold'
(Font)                  OT1/cmr/bx/n --> OT1/ptm/bx/n on input line 34.
LaTeX Font Info:    Redeclaring math alphabet \mathit on input line 35.
LaTeX Font Info:    Overwriting math alphabet `\mathit' in version `normal'
(Font)                  OT1/cmr/m/it --> OT1/ptm/m/it on input line 35.
LaTeX Font Info:    Overwriting math alphabet `\mathit' in version `bold'
(Font)                  OT1/cmr/bx/it --> OT1/ptm/m/it on input line 35.
LaTeX Info: Redefining \hbar on input line 50.
)
(/usr/share/texlive/texmf-dist/tex/latex/psnfss/helvet.sty
Package: helvet 2005/04/12 PSNFSS-v9.2a (WaS) 

(/usr/share/texlive/texmf-dist/tex/latex/graphics/keyval.sty
Package: keyval 1999/03/16 v1.13 key=value parser (DPC)
\KV@toks@=\toks14
))
(/usr/share/texlive/texmf-dist/tex/latex/tools/indentfirst.sty
Package: indentfirst 1995/11/23 v1.03 Indent first paragraph (DPC)
))
(/usr/share/texlive/texmf-dist/tex/latex/geometry/geometry.sty
Package: geometry 2010/09/12 v5.6 Page Geometry

(/usr/share/texlive/texmf-dist/tex/generic/oberdiek/ifpdf.sty
Package: ifpdf 2011/01/30 v2.3 Provides the ifpdf switch (HO)
Package ifpdf Info: pdfTeX in PDF mode is detected.
)
(/usr/share/texlive/texmf-dist/tex/generic/oberdiek/ifvtex.sty
Package: ifvtex 2010/03/01 v1.5 Detect VTeX and its facilities (HO)
Package ifvtex Info: VTeX not detected.
)
(/usr/share/texlive/texmf-dist/tex/generic/ifxetex/ifxetex.sty
Package: ifxetex 2010/09/12 v0.6 Provides ifxetex conditional
)
\Gm@cnth=\count100
\Gm@cntv=\count101
\c@Gm@tempcnt=\count102
\Gm@bindingoffset=\dimen113
\Gm@wd@mp=\dimen114
\Gm@odd@mp=\dimen115
\Gm@even@mp=\dimen116
\Gm@layoutwidth=\dimen117
\Gm@layoutheight=\dimen118
\Gm@layouthoffset=\dimen119
\Gm@layoutvoffset=\dimen120
\Gm@dimlist=\toks15
)
(./ufscThesis/BUUFSCthesis.sty
(/usr/share/texlive/texmf-dist/tex/generic/babel/babel.sty
Package: babel 2013/12/03 3.9h The Babel package

(/usr/share/texlive/texmf-dist/tex/generic/babel-portuges/portuges.ldf
Language: portuges 2008/03/18 v1.2q Portuguese support from the babel system

(/usr/share/texlive/texmf-dist/tex/generic/babel/babel.def
File: babel.def 2013/12/03 3.9h Babel common definitions
\babel@savecnt=\count103
\U@D=\dimen121
)
\l@brazil = a dialect from \language\l@portuges 
Package babel Info: Making " an active character on input line 145.
))
(/usr/share/texlive/texmf-dist/tex/latex/base/inputenc.sty
Package: inputenc 2008/03/30 v1.1d Input encoding file
\inpenc@prehook=\toks16
\inpenc@posthook=\toks17

(/usr/share/texlive/texmf-dist/tex/latex/base/ansinew.def
File: ansinew.def 2008/03/30 v1.1d Input encoding file
))
(/usr/share/texlive/texmf-dist/tex/generic/ulem/ulem.sty
\UL@box=\box52
\UL@hyphenbox=\box53
\UL@skip=\skip52
\UL@hook=\toks18
\UL@height=\dimen122
\UL@pe=\count104
\UL@pixel=\dimen123
\ULC@box=\box54
Package: ulem 2012/05/18
\ULdepth=\dimen124
)
(/usr/share/texlive/texmf-dist/tex/latex/subfigure/subfigure.sty
Package: subfigure 2002/03/15 v2.1.5 subfigure package
\subfigtopskip=\skip53
\subfigcapskip=\skip54
\subfigcaptopadj=\dimen125
\subfigbottomskip=\skip55
\subfigcapmargin=\dimen126
\subfiglabelskip=\skip56
\c@subfigure=\count105
\c@lofdepth=\count106
\c@subtable=\count107
\c@lotdepth=\count108

****************************************
* Local config file subfigure.cfg used *
****************************************
(/usr/share/texlive/texmf-dist/tex/latex/subfigure/subfigure.cfg)
\subfig@top=\skip57
\subfig@bottom=\skip58
)
(/usr/share/texlive/texmf-dist/tex/latex/carlisle/remreset.sty)
(/usr/share/texlive/texmf-dist/tex/latex/url/url.sty
\Urlmuskip=\muskip10
Package: url 2013/09/16  ver 3.4  Verb mode for urls, etc.
)
(/usr/share/texmf/tex/latex/abntex/abntcite.sty
(/usr/share/texmf/tex/latex/abntex/cvs-id.def)
Package: abntcite 2006/04/25 v1.30 Chamadas de referencias no texto (NBR10520, 
NBR10522)
\minimumbiblabelwidth=\skip59
\ABCIauxlen=\skip60
\c@ABCIaux=\count109
\c@ABCImax=\count110

(/usr/share/texmf/tex/latex/abntex/nbr10520-2002.def
(/usr/share/texmf/tex/latex/abntex/cvs-id.def)
File: nbr10520-2002.def 2006/04/25 v1.4 Definicoes para abntcite (NBR10520:2002
)
)
\biblabelsep=\skip61
LaTeX Info: Redefining \newblock on input line 466.
LaTeX Info: Redefining \cite on input line 493.
\ABCItoken=\toks19
))
\espacosumario=\skip62
)
(/usr/share/texlive/texmf-dist/tex/latex/graphics/graphicx.sty
Package: graphicx 1999/02/16 v1.0f Enhanced LaTeX Graphics (DPC,SPQR)

(/usr/share/texlive/texmf-dist/tex/latex/graphics/graphics.sty
Package: graphics 2009/02/05 v1.0o Standard LaTeX Graphics (DPC,SPQR)

(/usr/share/texlive/texmf-dist/tex/latex/graphics/trig.sty
Package: trig 1999/03/16 v1.09 sin cos tan (DPC)
)
(/usr/share/texlive/texmf-dist/tex/latex/latexconfig/graphics.cfg
File: graphics.cfg 2010/04/23 v1.9 graphics configuration of TeX Live
)
Package graphics Info: Driver file: pdftex.def on input line 91.

(/usr/share/texlive/texmf-dist/tex/latex/pdftex-def/pdftex.def
File: pdftex.def 2011/05/27 v0.06d Graphics/color for pdfTeX

(/usr/share/texlive/texmf-dist/tex/generic/oberdiek/infwarerr.sty
Package: infwarerr 2010/04/08 v1.3 Providing info/warning/error messages (HO)
)
(/usr/share/texlive/texmf-dist/tex/generic/oberdiek/ltxcmds.sty
Package: ltxcmds 2011/11/09 v1.22 LaTeX kernel commands for general use (HO)
)
\Gread@gobject=\count111
))
\Gin@req@height=\dimen127
\Gin@req@width=\dimen128
)
(/usr/share/texlive/texmf-dist/tex/latex/graphics/color.sty
Package: color 2005/11/14 v1.0j Standard LaTeX Color (DPC)

(/usr/share/texlive/texmf-dist/tex/latex/latexconfig/color.cfg
File: color.cfg 2007/01/18 v1.5 color configuration of teTeX/TeXLive
)
Package color Info: Driver file: pdftex.def on input line 130.
)
(/usr/share/texlive/texmf-dist/tex/latex/pdfpages/pdfpages.sty
Package: pdfpages 2013/08/25 v0.4v Insert pages of external PDF documents (AM)

(/usr/share/texlive/texmf-dist/tex/latex/eso-pic/eso-pic.sty
Package: eso-pic 2013/10/06 v2.0d eso-pic (RN)

(/usr/share/texlive/texmf-dist/tex/generic/oberdiek/atbegshi.sty
Package: atbegshi 2011/10/05 v1.16 At begin shipout hook (HO)
))
(/usr/share/texlive/texmf-dist/tex/latex/pdfpages/pppdftex.def
File: pppdftex.def 2013/08/25 v0.4v Pdfpages driver for pdfTeX (AM)
)
\AM@pagebox=\box55
\AM@toc@title=\toks20
\c@AM@survey=\count112
\AM@templatesizebox=\box56
)
(/usr/share/texlive/texmf-dist/tex/latex/listings/listings.sty
\lst@mode=\count113
\lst@gtempboxa=\box57
\lst@token=\toks21
\lst@length=\count114
\lst@currlwidth=\dimen129
\lst@column=\count115
\lst@pos=\count116
\lst@lostspace=\dimen130
\lst@width=\dimen131
\lst@newlines=\count117
\lst@lineno=\count118
\lst@maxwidth=\dimen132

(/usr/share/texlive/texmf-dist/tex/latex/listings/lstmisc.sty
File: lstmisc.sty 2013/08/26 1.5b (Carsten Heinz)
\c@lstnumber=\count119
\lst@skipnumbers=\count120
\lst@framebox=\box58
)
(/usr/share/texlive/texmf-dist/tex/latex/listings/listings.cfg
File: listings.cfg 2013/08/26 1.5b listings configuration
))
Package: listings 2013/08/26 1.5b (Carsten Heinz)

(/usr/share/texlive/texmf-dist/tex/latex/algorithm2e/algorithm2e.sty
Package: algorithm2e 2013/01/06 v5.00 algorithms environments
\c@AlgoLine=\count121

(/usr/share/texlive/texmf-dist/tex/latex/tools/xspace.sty
Package: xspace 2009/10/20 v1.13 Space after command names (DPC,MH)
)
********************************************************
Package `algorithm2e' Release 5.0 -- january 06 2013 --
- algorithm2e-announce@lirmm.fr mailing list for announcement about releases
- algorithm2e-discussion@lirmm.fr mailing list for discussion about package
subscribe by emailing sympa@lirmm.fr with 'subscribe <list> <firstname name>'
- Author: Christophe Fiorio (cfiorio@um2.fr)
********************************************************
\skiptotal=\skip63
\skiplinenumber=\skip64
\skiprule=\skip65
\skiphlne=\skip66
\skiptext=\skip67
\skiplength=\skip68
\algomargin=\skip69
\skipalgocfslide=\skip70
\algowidth=\dimen133
\inoutsize=\dimen134
\inoutindent=\dimen135
\interspacetitleruled=\dimen136
\interspacealgoruled=\dimen137
\interspacetitleboxruled=\dimen138
\algocf@inoutbox=\box59
\algocf@inputbox=\box60
\AlCapSkip=\skip71
\AlCapHSkip=\skip72
\algoskipindent=\skip73
\algocf@nlbox=\box61
\algocf@hangingbox=\box62
\algocf@untilbox=\box63
\algocf@skipuntil=\skip74
\algocf@capbox=\box64
\algoheightruledefault=\skip75
\algoheightrule=\skip76
\algotitleheightruledefault=\skip77
\algotitleheightrule=\skip78
\c@algocfline=\count122
\c@algocfproc=\count123
\c@algocf=\count124
\algocf@algoframe=\box65
\algocf@algobox=\box66
)

LaTeX Warning: Unused global option(s):
    [cleardoublepage=plain].

(./exemplo.aux)
\openout1 = `exemplo.aux'.

LaTeX Font Info:    Checking defaults for OML/cmm/m/it on input line 79.
LaTeX Font Info:    ... okay on input line 79.
LaTeX Font Info:    Checking defaults for T1/cmr/m/n on input line 79.
LaTeX Font Info:    ... okay on input line 79.
LaTeX Font Info:    Checking defaults for OT1/cmr/m/n on input line 79.
LaTeX Font Info:    ... okay on input line 79.
LaTeX Font Info:    Checking defaults for OMS/cmsy/m/n on input line 79.
LaTeX Font Info:    ... okay on input line 79.
LaTeX Font Info:    Checking defaults for OMX/cmex/m/n on input line 79.
LaTeX Font Info:    ... okay on input line 79.
LaTeX Font Info:    Checking defaults for U/cmr/m/n on input line 79.
LaTeX Font Info:    ... okay on input line 79.
LaTeX Font Info:    Try loading font information for OT1+ptm on input line 79.
 (/usr/share/texlive/texmf-dist/tex/latex/psnfss/ot1ptm.fd
File: ot1ptm.fd 2001/06/04 font definitions for OT1/ptm.
)
\big@size=\dimen139

*geometry* driver: auto-detecting
*geometry* detected driver: pdftex
*geometry* verbose mode - [ preamble ] result:
* driver: pdftex
* paper: a5paper
* layout: <same size as paper>
* layoutoffset:(h,v)=(0.0pt,0.0pt)
* modes: twoside 
* h-part:(L,W,R)=(71.13188pt, 307.28978pt, 42.67912pt)
* v-part:(T,H,B)=(56.9055pt, 497.92325pt, 42.67912pt)
* \paperwidth=421.10078pt
* \paperheight=597.50787pt
* \textwidth=307.28978pt
* \textheight=497.92325pt
* \oddsidemargin=-1.1381pt
* \evensidemargin=-29.59087pt
* \topmargin=-57.42455pt
* \headheight=19.91684pt
* \headsep=22.14322pt
* \topskip=10.0pt
* \footskip=19.91684pt
* \marginparwidth=47.0pt
* \marginparsep=11.0pt
* \columnsep=10.0pt
* \skip\footins=9.0pt plus 4.0pt minus 2.0pt
* \hoffset=0.0pt
* \voffset=0.0pt
* \mag=1000
* \@twocolumnfalse
* \@twosidetrue
* \@mparswitchtrue
* \@reversemarginfalse
* (1in=72.27pt=25.4mm, 1cm=28.453pt)

(/usr/share/texlive/texmf-dist/tex/context/base/supp-pdf.mkii
[Loading MPS to PDF converter (version 2006.09.02).]
\scratchcounter=\count125
\scratchdimen=\dimen140
\scratchbox=\box67
\nofMPsegments=\count126
\nofMParguments=\count127
\everyMPshowfont=\toks22
\MPscratchCnt=\count128
\MPscratchDim=\dimen141
\MPnumerator=\count129
\makeMPintoPDFobject=\count130
\everyMPtoPDFconversion=\toks23
) (/usr/share/texlive/texmf-dist/tex/generic/oberdiek/pdftexcmds.sty
Package: pdftexcmds 2011/11/29 v0.20 Utility functions of pdfTeX for LuaTeX (HO
)

(/usr/share/texlive/texmf-dist/tex/generic/oberdiek/ifluatex.sty
Package: ifluatex 2010/03/01 v1.3 Provides the ifluatex switch (HO)
Package ifluatex Info: LuaTeX not detected.
)
Package pdftexcmds Info: LuaTeX not detected.
Package pdftexcmds Info: \pdf@primitive is available.
Package pdftexcmds Info: \pdf@ifprimitive is available.
Package pdftexcmds Info: \pdfdraftmode found.
)
(/usr/share/texlive/texmf-dist/tex/latex/oberdiek/epstopdf-base.sty
Package: epstopdf-base 2010/02/09 v2.5 Base part for package epstopdf

(/usr/share/texlive/texmf-dist/tex/latex/oberdiek/grfext.sty
Package: grfext 2010/08/19 v1.1 Manage graphics extensions (HO)

(/usr/share/texlive/texmf-dist/tex/generic/oberdiek/kvdefinekeys.sty
Package: kvdefinekeys 2011/04/07 v1.3 Define keys (HO)
))
(/usr/share/texlive/texmf-dist/tex/latex/oberdiek/kvoptions.sty
Package: kvoptions 2011/06/30 v3.11 Key value format for package options (HO)

(/usr/share/texlive/texmf-dist/tex/generic/oberdiek/kvsetkeys.sty
Package: kvsetkeys 2012/04/25 v1.16 Key value parser (HO)

(/usr/share/texlive/texmf-dist/tex/generic/oberdiek/etexcmds.sty
Package: etexcmds 2011/02/16 v1.5 Avoid name clashes with e-TeX commands (HO)
Package etexcmds Info: Could not find \expanded.
(etexcmds)             That can mean that you are not using pdfTeX 1.50 or
(etexcmds)             that some package has redefined \expanded.
(etexcmds)             In the latter case, load this package earlier.
)))
Package grfext Info: Graphics extension search list:
(grfext)             [.png,.pdf,.jpg,.mps,.jpeg,.jbig2,.jb2,.PNG,.PDF,.JPG,.JPE
G,.JBIG2,.JB2,.eps]
(grfext)             \AppendGraphicsExtensions on input line 452.

(/usr/share/texlive/texmf-dist/tex/latex/latexconfig/epstopdf-sys.cfg
File: epstopdf-sys.cfg 2010/07/13 v1.3 Configuration of (r)epstopdf for TeX Liv
e
))
\AtBeginShipoutBox=\box68
\c@lstlisting=\count131

Overfull \hbox (16.07684pt too wide) in paragraph at lines 83--83
[]\OT1/ptm/m/n/9 Tese sub-me-tida ao Pro-grama de P[]os-gradua[][]ao
 []


Overfull \hbox (3.91794pt too wide) in paragraph at lines 83--83
\OT1/ptm/m/n/9 em Ci[]encia da Computa[][]ao para a obten[][]ao
 []


Underfull \hbox (badness 10000) in paragraph at lines 83--83

 []

<Ficha_Catalografica.pdf, id=1, 597.51233pt x 845.0471pt>
File: Ficha_Catalografica.pdf Graphic file (type pdf)

<use Ficha_Catalografica.pdf>
Package pdftex.def Info: Ficha_Catalografica.pdf used on input line 83.
(pdftex.def)             Requested size: 597.51086pt x 845.04504pt.
File: Ficha_Catalografica.pdf Graphic file (type pdf)
 <use Ficha_Catalografica.pdf>
Package pdftex.def Info: Ficha_Catalografica.pdf used on input line 83.
(pdftex.def)             Requested size: 597.51086pt x 845.04504pt.
 [1


{/var/lib/texmf/fonts/map/pdftex/updmap/pdftex.map}]
<Ficha_Catalografica.pdf, id=10, page=1, 597.51233pt x 845.0471pt>
File: Ficha_Catalografica.pdf Graphic file (type pdf)

<use Ficha_Catalografica.pdf, page 1>
Package pdftex.def Info: Ficha_Catalografica.pdf, page1 used on input line 83.
(pdftex.def)             Requested size: 597.51086pt x 845.04504pt.
File: Ficha_Catalografica.pdf Graphic file (type pdf)
 <use Ficha_Catalografica.pdf, page 1>
Package pdftex.def Info: Ficha_Catalografica.pdf, page1 used on input line 83.
(pdftex.def)             Requested size: 567.63348pt x 802.7902pt.
File: Ficha_Catalografica.pdf Graphic file (type pdf)

<use Ficha_Catalografica.pdf, page 1>
Package pdftex.def Info: Ficha_Catalografica.pdf, page1 used on input line 83.
(pdftex.def)             Requested size: 567.63348pt x 802.7902pt.
File: Ficha_Catalografica.pdf Graphic file (type pdf)
 <use Ficha_Catalografica.pdf, page 1>
Package pdftex.def Info: Ficha_Catalografica.pdf, page1 used on input line 83.
(pdftex.def)             Requested size: 567.63348pt x 802.7902pt.
File: Ficha_Catalografica.pdf Graphic file (type pdf)

<use Ficha_Catalografica.pdf, page 1>
Package pdftex.def Info: Ficha_Catalografica.pdf, page1 used on input line 83.
(pdftex.def)             Requested size: 567.63348pt x 802.7902pt.
 [2 <./Ficha_Catalografica.pdf>]
LaTeX Font Info:    Font shape `OT1/ptm/bx/n' in size <10> not available
(Font)              Font shape `OT1/ptm/b/n' tried instead on input line 88.
LaTeX Font Info:    Try loading font information for OT1+ztmcm on input line 88
.

(/usr/share/texlive/texmf-dist/tex/latex/psnfss/ot1ztmcm.fd
File: ot1ztmcm.fd 2000/01/03 Fontinst v1.801 font definitions for OT1/ztmcm.
)
LaTeX Font Info:    Try loading font information for OML+ztmcm on input line 88
.

(/usr/share/texlive/texmf-dist/tex/latex/psnfss/omlztmcm.fd
File: omlztmcm.fd 2000/01/03 Fontinst v1.801 font definitions for OML/ztmcm.
)
LaTeX Font Info:    Try loading font information for OMS+ztmcm on input line 88
.

(/usr/share/texlive/texmf-dist/tex/latex/psnfss/omsztmcm.fd
File: omsztmcm.fd 2000/01/03 Fontinst v1.801 font definitions for OMS/ztmcm.
)
LaTeX Font Info:    Try loading font information for OMX+ztmcm on input line 88
.

(/usr/share/texlive/texmf-dist/tex/latex/psnfss/omxztmcm.fd
File: omxztmcm.fd 2000/01/03 Fontinst v1.801 font definitions for OMX/ztmcm.
)
LaTeX Font Info:    Font shape `OT1/ptm/bx/n' in size <7.4> not available
(Font)              Font shape `OT1/ptm/b/n' tried instead on input line 88.
LaTeX Font Info:    Font shape `OT1/ptm/bx/n' in size <6> not available
(Font)              Font shape `OT1/ptm/b/n' tried instead on input line 88.
 [3


] [4

]
(./exemplo.las)
\tf@las=\write3
\openout3 = `exemplo.las'.

 [5] [6

] (./exemplo.toc)
\tf@toc=\write4
\openout4 = `exemplo.toc'.

 [7] [8

]
Cap\'{\i }tulo 1.
<figuras/estimacaokriging.png, id=37, 368.87813pt x 279.29344pt>
File: figuras/estimacaokriging.png Graphic file (type png)

<use figuras/estimacaokriging.png>
Package pdftex.def Info: figuras/estimacaokriging.png used on input line 121.
(pdftex.def)             Requested size: 184.37573pt x 139.59949pt.

Overfull \hbox (29.91898pt too wide) in paragraph at lines 110--124
[]\OT1/ptm/m/n/10 A ge-o-es-tat[]^^Pstica prov[]e um con-junto de fer-ra-men-ta
s para an[]alise e interpreta[][]ao
 []


Overfull \hbox (3.40694pt too wide) in paragraph at lines 110--124
\OT1/ptm/m/n/10 es-ti-ma-tiva (fi-gura 1[]), ape-nas uma realiza[][]ao, con-si-
de-rada a ideal, da ocorr[]encia
 []

<figuras/simulacao-geoestatistica.png, id=38, 383.93437pt x 231.86626pt>
File: figuras/simulacao-geoestatistica.png Graphic file (type png)

<use figuras/simulacao-geoestatistica.png>
Package pdftex.def Info: figuras/simulacao-geoestatistica.png used on input lin
e 128.
(pdftex.def)             Requested size: 184.37573pt x 111.35114pt.

Underfull \vbox (badness 10000) has occurred while \output is active []

 [9

]
<figuras/unknown_points.png, id=43, 465.23813pt x 350.05782pt>
File: figuras/unknown_points.png Graphic file (type png)

<use figuras/unknown_points.png>
Package pdftex.def Info: figuras/unknown_points.png used on input line 149.
(pdftex.def)             Requested size: 184.37573pt x 138.728pt.

<figuras/estimation_points.png, id=44, 465.23813pt x 347.79938pt>
File: figuras/estimation_points.png Graphic file (type png)

<use figuras/estimation_points.png>
Package pdftex.def Info: figuras/estimation_points.png used on input line 166.
(pdftex.def)             Requested size: 184.37573pt x 137.833pt.
 [10 <./figuras/estimacaokriging.png> <./figuras/simulacao-geoestatistica.png>]

<figuras/imagem_caers.png, id=50, 707.64375pt x 311.66437pt>
File: figuras/imagem_caers.png Graphic file (type png)

<use figuras/imagem_caers.png>
Package pdftex.def Info: figuras/imagem_caers.png used on input line 177.
(pdftex.def)             Requested size: 184.37573pt x 81.20203pt.
 [11 <./figuras/unknown_points.png> <./figuras/estimation_points.png>]
<figuras/variograma.png, id=55, 389.95688pt x 407.27156pt>
File: figuras/variograma.png Graphic file (type png)

<use figuras/variograma.png>
Package pdftex.def Info: figuras/variograma.png used on input line 191.
(pdftex.def)             Requested size: 184.37573pt x 192.56111pt.

<figuras/example-multipoint.png, id=56, 507.39563pt x 371.88937pt>
File: figuras/example-multipoint.png Graphic file (type png)

<use figuras/example-multipoint.png>
Package pdftex.def Info: figuras/example-multipoint.png used on input line 209.

(pdftex.def)             Requested size: 184.37573pt x 135.13414pt.

Overfull \hbox (9.82912pt too wide) in paragraph at lines 195--212
[][]\OT1/ptm/m/n/10 E co-mum, em ge-o-es-tat[]^^Pstica, tra-ba-lhar com mo-delo
 de fun[][]oes aleat[]orias,
 []

[12 <./figuras/imagem_caers.png>] [13 <./figuras/variograma.png>] [14 <./figura
s/example-multipoint.png>]
Cap\'{\i }tulo 2.

LaTeX Warning: Citation `Guaridano1993' on page 15 undefined on input line 221.


<figuras/2D-imagemsatelite-sundarbans.jpg, id=69, 227.85126pt x 140.525pt>
File: figuras/2D-imagemsatelite-sundarbans.jpg Graphic file (type jpg)

<use figuras/2D-imagemsatelite-sundarbans.jpg>
Package pdftex.def Info: figuras/2D-imagemsatelite-sundarbans.jpg used on input
 line 233.
(pdftex.def)             Requested size: 184.37573pt x 113.71526pt.

Overfull \hbox (3.0197pt too wide) in paragraph at lines 220--236
[]\OT1/ptm/m/n/10 Estat[]^^Pstica mul-ti-ponto en-globa um con-junto de al-go-r
it-mos de simula[][]ao
 []

<figuras/3dhydrofacies.jpg, id=70, 232.87pt x 129.48375pt>
File: figuras/3dhydrofacies.jpg Graphic file (type jpg)

<use figuras/3dhydrofacies.jpg>
Package pdftex.def Info: figuras/3dhydrofacies.jpg used on input line 240.
(pdftex.def)             Requested size: 184.37573pt x 102.52219pt.
 [15

 <./figuras/2D-imagemsatelite-sundarbans.jpg>]
LaTeX Font Info:    Font shape `OT1/ptm/bx/n' in size <6.94446> not available
(Font)              Font shape `OT1/ptm/b/n' tried instead on input line 281.

Underfull \vbox (badness 10000) has occurred while \output is active []

 [16 <./figuras/3dhydrofacies.jpg>]
<figuras/templates.png, id=79, 589.4522pt x 179.92218pt>
File: figuras/templates.png Graphic file (type png)

<use figuras/templates.png>
Package pdftex.def Info: figuras/templates.png used on input line 296.
(pdftex.def)             Requested size: 184.37573pt x 56.2777pt.

Underfull \vbox (badness 10000) has occurred while \output is active []

 [17]
<figuras/arq_rede_caers.png, id=83, 626.34pt x 300.3722pt>
File: figuras/arq_rede_caers.png Graphic file (type png)

<use figuras/arq_rede_caers.png>
Package pdftex.def Info: figuras/arq_rede_caers.png used on input line 318.
(pdftex.def)             Requested size: 184.37573pt x 88.4211pt.
 [18 <./figuras/templates.png> <./figuras/arq_rede_caers.png>]
Overfull \hbox (11.04697pt too wide) in paragraph at lines 345--353
\OT1/ptm/m/n/10 mento []e uti-li-zada para de-ter-mi-nar as frequ[]encias de oc
orr[]encia das configura[][]oes
 []


Underfull \vbox (badness 10000) has occurred while \output is active []

 [19]
Underfull \vbox (badness 10000) has occurred while \output is active []

 [20]
Underfull \vbox (badness 10000) has occurred while \output is active []

 [21]
[22]
Cap\'{\i }tulo 3.
(./exemplo.bbl [23

] [24

] [25] [26])
+-------------------------------------------------------------------+
| Comentario, sugestao ou critica sobre o abnTeX? Entre em contato: |
|                  http://abntex.codigolivre.org.br                 |
+-------------------------------------------------------------------+
[27] (./exemplo.aux)

LaTeX Warning: There were undefined references.

 ) 
Here is how much of TeX's memory you used:
 7507 strings out of 495004
 110628 string characters out of 6180661
 216332 words of memory out of 5000000
 10504 multiletter control sequences out of 15000+600000
 29201 words of font info for 60 fonts, out of 8000000 for 9000
 16 hyphenation exceptions out of 8191
 41i,19n,49p,282b,444s stack positions out of 5000i,500n,10000p,200000b,80000s
{/usr/share/texlive/texmf-dist/fonts/enc/dvips/base/8r.enc}</usr/share/texliv
e/texmf-dist/fonts/type1/public/amsfonts/cm/cmmi10.pfb></usr/share/texlive/texm
f-dist/fonts/type1/public/amsfonts/cm/cmr10.pfb></usr/share/texlive/texmf-dist/
fonts/type1/public/amsfonts/cm/cmsy10.pfb></usr/share/texlive/texmf-dist/fonts/
type1/urw/symbol/usyr.pfb></usr/share/texlive/texmf-dist/fonts/type1/urw/times/
utmb8a.pfb></usr/share/texlive/texmf-dist/fonts/type1/urw/times/utmr8a.pfb></us
r/share/texlive/texmf-dist/fonts/type1/urw/times/utmri8a.pfb>
Output written on exemplo.pdf (27 pages, 1236665 bytes).
PDF statistics:
 142 PDF objects out of 1000 (max. 8388607)
 87 compressed objects within 1 object stream
 0 named destinations out of 1000 (max. 500000)
 76 words of extra memory for PDF output out of 10000 (max. 10000000)

