This is pdfTeX, Version 3.1415926-2.5-1.40.14 (MiKTeX 2.9 64-bit) (preloaded format=pdflatex 2014.5.28)  9 MAR 2015 12:28
entering extended mode
**dissertacao.tex
(C:\Users\fernando\Dropbox\ufsc\workspaceDexter\EQD\dissertacao.tex
LaTeX2e <2011/06/27>
Babel <v3.8m> and hyphenation patterns for english, afrikaans, ancientgreek, ar
abic, armenian, assamese, basque, bengali, bokmal, bulgarian, catalan, coptic, 
croatian, czech, danish, dutch, esperanto, estonian, farsi, finnish, french, ga
lician, german, german-x-2013-05-26, greek, gujarati, hindi, hungarian, iceland
ic, indonesian, interlingua, irish, italian, kannada, kurmanji, latin, latvian,
 lithuanian, malayalam, marathi, mongolian, mongolianlmc, monogreek, ngerman, n
german-x-2013-05-26, nynorsk, oriya, panjabi, pinyin, polish, portuguese, roman
ian, russian, sanskrit, serbian, slovak, slovenian, spanish, swedish, swissgerm
an, tamil, telugu, turkish, turkmen, ukenglish, ukrainian, uppersorbian, usengl
ishmax, welsh, loaded.
("C:\Program Files\MiKTeX 2.9\tex\latex\base\book.cls"
Document Class: book 2007/10/19 v1.4h Standard LaTeX document class
("C:\Program Files\MiKTeX 2.9\tex\latex\base\bk12.clo"
File: bk12.clo 2007/10/19 v1.4h Standard LaTeX file (size option)
)
\c@part=\count79
\c@chapter=\count80
\c@section=\count81
\c@subsection=\count82
\c@subsubsection=\count83
\c@paragraph=\count84
\c@subparagraph=\count85
\c@figure=\count86
\c@table=\count87
\abovecaptionskip=\skip41
\belowcaptionskip=\skip42
\bibindent=\dimen102
)
("C:\Program Files\MiKTeX 2.9\tex\generic\babel\babel.sty"
Package: babel 2008/07/08 v3.8m The Babel package

*************************************
* Local config file bblopts.cfg used
*
("C:\Program Files\MiKTeX 2.9\tex\latex\00miktex\bblopts.cfg"
File: bblopts.cfg 2006/07/31 v1.0 MiKTeX 'babel' configuration
)
("C:\Program Files\MiKTeX 2.9\tex\generic\babel\portuges.ldf"
Language: portuges 2008/03/18 v1.2q Portuguese support from the babel system

("C:\Program Files\MiKTeX 2.9\tex\generic\babel\babel.def"
File: babel.def 2008/07/08 v3.8m Babel common definitions
\babel@savecnt=\count88
\U@D=\dimen103
)
Package babel Info: Making " an active character on input line 145.
)
("C:\Program Files\MiKTeX 2.9\tex\generic\babel\portuges.ldf"
Language: portuges 2008/03/18 v1.2q Portuguese support from the babel system
\l@brazil = a dialect from \language\l@portuges 
))
("C:\Program Files\MiKTeX 2.9\tex\latex\base\inputenc.sty"
Package: inputenc 2008/03/30 v1.1d Input encoding file
\inpenc@prehook=\toks14
\inpenc@posthook=\toks15

("C:\Program Files\MiKTeX 2.9\tex\latex\base\utf8.def"
File: utf8.def 2008/04/05 v1.1m UTF-8 support for inputenc
Now handling font encoding OML ...
... no UTF-8 mapping file for font encoding OML
Now handling font encoding T1 ...
... processing UTF-8 mapping file for font encoding T1

("C:\Program Files\MiKTeX 2.9\tex\latex\base\t1enc.dfu"
File: t1enc.dfu 2008/04/05 v1.1m UTF-8 support for inputenc
   defining Unicode char U+00A1 (decimal 161)
   defining Unicode char U+00A3 (decimal 163)
   defining Unicode char U+00AB (decimal 171)
   defining Unicode char U+00BB (decimal 187)
   defining Unicode char U+00BF (decimal 191)
   defining Unicode char U+00C0 (decimal 192)
   defining Unicode char U+00C1 (decimal 193)
   defining Unicode char U+00C2 (decimal 194)
   defining Unicode char U+00C3 (decimal 195)
   defining Unicode char U+00C4 (decimal 196)
   defining Unicode char U+00C5 (decimal 197)
   defining Unicode char U+00C6 (decimal 198)
   defining Unicode char U+00C7 (decimal 199)
   defining Unicode char U+00C8 (decimal 200)
   defining Unicode char U+00C9 (decimal 201)
   defining Unicode char U+00CA (decimal 202)
   defining Unicode char U+00CB (decimal 203)
   defining Unicode char U+00CC (decimal 204)
   defining Unicode char U+00CD (decimal 205)
   defining Unicode char U+00CE (decimal 206)
   defining Unicode char U+00CF (decimal 207)
   defining Unicode char U+00D0 (decimal 208)
   defining Unicode char U+00D1 (decimal 209)
   defining Unicode char U+00D2 (decimal 210)
   defining Unicode char U+00D3 (decimal 211)
   defining Unicode char U+00D4 (decimal 212)
   defining Unicode char U+00D5 (decimal 213)
   defining Unicode char U+00D6 (decimal 214)
   defining Unicode char U+00D8 (decimal 216)
   defining Unicode char U+00D9 (decimal 217)
   defining Unicode char U+00DA (decimal 218)
   defining Unicode char U+00DB (decimal 219)
   defining Unicode char U+00DC (decimal 220)
   defining Unicode char U+00DD (decimal 221)
   defining Unicode char U+00DE (decimal 222)
   defining Unicode char U+00DF (decimal 223)
   defining Unicode char U+00E0 (decimal 224)
   defining Unicode char U+00E1 (decimal 225)
   defining Unicode char U+00E2 (decimal 226)
   defining Unicode char U+00E3 (decimal 227)
   defining Unicode char U+00E4 (decimal 228)
   defining Unicode char U+00E5 (decimal 229)
   defining Unicode char U+00E6 (decimal 230)
   defining Unicode char U+00E7 (decimal 231)
   defining Unicode char U+00E8 (decimal 232)
   defining Unicode char U+00E9 (decimal 233)
   defining Unicode char U+00EA (decimal 234)
   defining Unicode char U+00EB (decimal 235)
   defining Unicode char U+00EC (decimal 236)
   defining Unicode char U+00ED (decimal 237)
   defining Unicode char U+00EE (decimal 238)
   defining Unicode char U+00EF (decimal 239)
   defining Unicode char U+00F0 (decimal 240)
   defining Unicode char U+00F1 (decimal 241)
   defining Unicode char U+00F2 (decimal 242)
   defining Unicode char U+00F3 (decimal 243)
   defining Unicode char U+00F4 (decimal 244)
   defining Unicode char U+00F5 (decimal 245)
   defining Unicode char U+00F6 (decimal 246)
   defining Unicode char U+00F8 (decimal 248)
   defining Unicode char U+00F9 (decimal 249)
   defining Unicode char U+00FA (decimal 250)
   defining Unicode char U+00FB (decimal 251)
   defining Unicode char U+00FC (decimal 252)
   defining Unicode char U+00FD (decimal 253)
   defining Unicode char U+00FE (decimal 254)
   defining Unicode char U+00FF (decimal 255)
   defining Unicode char U+0102 (decimal 258)
   defining Unicode char U+0103 (decimal 259)
   defining Unicode char U+0104 (decimal 260)
   defining Unicode char U+0105 (decimal 261)
   defining Unicode char U+0106 (decimal 262)
   defining Unicode char U+0107 (decimal 263)
   defining Unicode char U+010C (decimal 268)
   defining Unicode char U+010D (decimal 269)
   defining Unicode char U+010E (decimal 270)
   defining Unicode char U+010F (decimal 271)
   defining Unicode char U+0110 (decimal 272)
   defining Unicode char U+0111 (decimal 273)
   defining Unicode char U+0118 (decimal 280)
   defining Unicode char U+0119 (decimal 281)
   defining Unicode char U+011A (decimal 282)
   defining Unicode char U+011B (decimal 283)
   defining Unicode char U+011E (decimal 286)
   defining Unicode char U+011F (decimal 287)
   defining Unicode char U+0130 (decimal 304)
   defining Unicode char U+0131 (decimal 305)
   defining Unicode char U+0132 (decimal 306)
   defining Unicode char U+0133 (decimal 307)
   defining Unicode char U+0139 (decimal 313)
   defining Unicode char U+013A (decimal 314)
   defining Unicode char U+013D (decimal 317)
   defining Unicode char U+013E (decimal 318)
   defining Unicode char U+0141 (decimal 321)
   defining Unicode char U+0142 (decimal 322)
   defining Unicode char U+0143 (decimal 323)
   defining Unicode char U+0144 (decimal 324)
   defining Unicode char U+0147 (decimal 327)
   defining Unicode char U+0148 (decimal 328)
   defining Unicode char U+014A (decimal 330)
   defining Unicode char U+014B (decimal 331)
   defining Unicode char U+0150 (decimal 336)
   defining Unicode char U+0151 (decimal 337)
   defining Unicode char U+0152 (decimal 338)
   defining Unicode char U+0153 (decimal 339)
   defining Unicode char U+0154 (decimal 340)
   defining Unicode char U+0155 (decimal 341)
   defining Unicode char U+0158 (decimal 344)
   defining Unicode char U+0159 (decimal 345)
   defining Unicode char U+015A (decimal 346)
   defining Unicode char U+015B (decimal 347)
   defining Unicode char U+015E (decimal 350)
   defining Unicode char U+015F (decimal 351)
   defining Unicode char U+0160 (decimal 352)
   defining Unicode char U+0161 (decimal 353)
   defining Unicode char U+0162 (decimal 354)
   defining Unicode char U+0163 (decimal 355)
   defining Unicode char U+0164 (decimal 356)
   defining Unicode char U+0165 (decimal 357)
   defining Unicode char U+016E (decimal 366)
   defining Unicode char U+016F (decimal 367)
   defining Unicode char U+0170 (decimal 368)
   defining Unicode char U+0171 (decimal 369)
   defining Unicode char U+0178 (decimal 376)
   defining Unicode char U+0179 (decimal 377)
   defining Unicode char U+017A (decimal 378)
   defining Unicode char U+017B (decimal 379)
   defining Unicode char U+017C (decimal 380)
   defining Unicode char U+017D (decimal 381)
   defining Unicode char U+017E (decimal 382)
   defining Unicode char U+200C (decimal 8204)
   defining Unicode char U+2013 (decimal 8211)
   defining Unicode char U+2014 (decimal 8212)
   defining Unicode char U+2018 (decimal 8216)
   defining Unicode char U+2019 (decimal 8217)
   defining Unicode char U+201A (decimal 8218)
   defining Unicode char U+201C (decimal 8220)
   defining Unicode char U+201D (decimal 8221)
   defining Unicode char U+201E (decimal 8222)
   defining Unicode char U+2030 (decimal 8240)
   defining Unicode char U+2031 (decimal 8241)
   defining Unicode char U+2039 (decimal 8249)
   defining Unicode char U+203A (decimal 8250)
   defining Unicode char U+2423 (decimal 9251)
)
Now handling font encoding OT1 ...
... processing UTF-8 mapping file for font encoding OT1

("C:\Program Files\MiKTeX 2.9\tex\latex\base\ot1enc.dfu"
File: ot1enc.dfu 2008/04/05 v1.1m UTF-8 support for inputenc
   defining Unicode char U+00A1 (decimal 161)
   defining Unicode char U+00A3 (decimal 163)
   defining Unicode char U+00B8 (decimal 184)
   defining Unicode char U+00BF (decimal 191)
   defining Unicode char U+00C5 (decimal 197)
   defining Unicode char U+00C6 (decimal 198)
   defining Unicode char U+00D8 (decimal 216)
   defining Unicode char U+00DF (decimal 223)
   defining Unicode char U+00E6 (decimal 230)
   defining Unicode char U+00EC (decimal 236)
   defining Unicode char U+00ED (decimal 237)
   defining Unicode char U+00EE (decimal 238)
   defining Unicode char U+00EF (decimal 239)
   defining Unicode char U+00F8 (decimal 248)
   defining Unicode char U+0131 (decimal 305)
   defining Unicode char U+0141 (decimal 321)
   defining Unicode char U+0142 (decimal 322)
   defining Unicode char U+0152 (decimal 338)
   defining Unicode char U+0153 (decimal 339)
   defining Unicode char U+2013 (decimal 8211)
   defining Unicode char U+2014 (decimal 8212)
   defining Unicode char U+2018 (decimal 8216)
   defining Unicode char U+2019 (decimal 8217)
   defining Unicode char U+201C (decimal 8220)
   defining Unicode char U+201D (decimal 8221)
)
Now handling font encoding OMS ...
... processing UTF-8 mapping file for font encoding OMS

("C:\Program Files\MiKTeX 2.9\tex\latex\base\omsenc.dfu"
File: omsenc.dfu 2008/04/05 v1.1m UTF-8 support for inputenc
   defining Unicode char U+00A7 (decimal 167)
   defining Unicode char U+00B6 (decimal 182)
   defining Unicode char U+00B7 (decimal 183)
   defining Unicode char U+2020 (decimal 8224)
   defining Unicode char U+2021 (decimal 8225)
   defining Unicode char U+2022 (decimal 8226)
)
Now handling font encoding OMX ...
... no UTF-8 mapping file for font encoding OMX
Now handling font encoding U ...
... no UTF-8 mapping file for font encoding U
   defining Unicode char U+00A9 (decimal 169)
   defining Unicode char U+00AA (decimal 170)
   defining Unicode char U+00AE (decimal 174)
   defining Unicode char U+00BA (decimal 186)
   defining Unicode char U+02C6 (decimal 710)
   defining Unicode char U+02DC (decimal 732)
   defining Unicode char U+200C (decimal 8204)
   defining Unicode char U+2026 (decimal 8230)
   defining Unicode char U+2122 (decimal 8482)
   defining Unicode char U+2423 (decimal 9251)
))
("C:\Program Files\MiKTeX 2.9\tex\latex\tools\indentfirst.sty"
Package: indentfirst 1995/11/23 v1.03 Indent first paragraph (DPC)
)
("C:\Program Files\MiKTeX 2.9\tex\latex\ae\ae.sty"
Package: ae 2001/02/12 1.3 Almost European Computer Modern

("C:\Program Files\MiKTeX 2.9\tex\latex\base\fontenc.sty"
Package: fontenc 2005/09/27 v1.99g Standard LaTeX package

("C:\Program Files\MiKTeX 2.9\tex\latex\base\t1enc.def"
File: t1enc.def 2005/09/27 v1.99g Standard LaTeX file
LaTeX Font Info:    Redeclaring font encoding T1 on input line 43.
)
LaTeX Font Info:    Try loading font information for T1+aer on input line 100.

("C:\Program Files\MiKTeX 2.9\tex\latex\ae\t1aer.fd"
File: t1aer.fd 1997/11/16 Font definitions for T1/aer.
)))
("C:\Program Files\MiKTeX 2.9\tex\latex\natbib\natbib.sty"
Package: natbib 2010/09/13 8.31b (PWD, AO)
\bibhang=\skip43
\bibsep=\skip44
LaTeX Info: Redefining \cite on input line 694.
\c@NAT@ctr=\count89
)
("C:\Program Files\MiKTeX 2.9\tex\latex\base\fontenc.sty"
Package: fontenc 2005/09/27 v1.99g Standard LaTeX package

("C:\Program Files\MiKTeX 2.9\tex\latex\base\t1enc.def"
File: t1enc.def 2005/09/27 v1.99g Standard LaTeX file
LaTeX Font Info:    Redeclaring font encoding T1 on input line 43.
))
("C:\Program Files\MiKTeX 2.9\tex\latex\lm\lmodern.sty"
Package: lmodern 2009/10/30 v1.6 Latin Modern Fonts
LaTeX Font Info:    Overwriting symbol font `operators' in version `normal'
(Font)                  OT1/cmr/m/n --> OT1/lmr/m/n on input line 22.
LaTeX Font Info:    Overwriting symbol font `letters' in version `normal'
(Font)                  OML/cmm/m/it --> OML/lmm/m/it on input line 23.
LaTeX Font Info:    Overwriting symbol font `symbols' in version `normal'
(Font)                  OMS/cmsy/m/n --> OMS/lmsy/m/n on input line 24.
LaTeX Font Info:    Overwriting symbol font `largesymbols' in version `normal'
(Font)                  OMX/cmex/m/n --> OMX/lmex/m/n on input line 25.
LaTeX Font Info:    Overwriting symbol font `operators' in version `bold'
(Font)                  OT1/cmr/bx/n --> OT1/lmr/bx/n on input line 26.
LaTeX Font Info:    Overwriting symbol font `letters' in version `bold'
(Font)                  OML/cmm/b/it --> OML/lmm/b/it on input line 27.
LaTeX Font Info:    Overwriting symbol font `symbols' in version `bold'
(Font)                  OMS/cmsy/b/n --> OMS/lmsy/b/n on input line 28.
LaTeX Font Info:    Overwriting symbol font `largesymbols' in version `bold'
(Font)                  OMX/cmex/m/n --> OMX/lmex/m/n on input line 29.
LaTeX Font Info:    Overwriting math alphabet `\mathbf' in version `normal'
(Font)                  OT1/cmr/bx/n --> OT1/lmr/bx/n on input line 31.
LaTeX Font Info:    Overwriting math alphabet `\mathsf' in version `normal'
(Font)                  OT1/cmss/m/n --> OT1/lmss/m/n on input line 32.
LaTeX Font Info:    Overwriting math alphabet `\mathit' in version `normal'
(Font)                  OT1/cmr/m/it --> OT1/lmr/m/it on input line 33.
LaTeX Font Info:    Overwriting math alphabet `\mathtt' in version `normal'
(Font)                  OT1/cmtt/m/n --> OT1/lmtt/m/n on input line 34.
LaTeX Font Info:    Overwriting math alphabet `\mathbf' in version `bold'
(Font)                  OT1/cmr/bx/n --> OT1/lmr/bx/n on input line 35.
LaTeX Font Info:    Overwriting math alphabet `\mathsf' in version `bold'
(Font)                  OT1/cmss/bx/n --> OT1/lmss/bx/n on input line 36.
LaTeX Font Info:    Overwriting math alphabet `\mathit' in version `bold'
(Font)                  OT1/cmr/bx/it --> OT1/lmr/bx/it on input line 37.
LaTeX Font Info:    Overwriting math alphabet `\mathtt' in version `bold'
(Font)                  OT1/cmtt/m/n --> OT1/lmtt/m/n on input line 38.
)
("C:\Program Files\MiKTeX 2.9\tex\latex\amsfonts\amssymb.sty"
Package: amssymb 2013/01/14 v3.01 AMS font symbols

("C:\Program Files\MiKTeX 2.9\tex\latex\amsfonts\amsfonts.sty"
Package: amsfonts 2013/01/14 v3.01 Basic AMSFonts support
\@emptytoks=\toks16
\symAMSa=\mathgroup4
\symAMSb=\mathgroup5
LaTeX Font Info:    Overwriting math alphabet `\mathfrak' in version `bold'
(Font)                  U/euf/m/n --> U/euf/b/n on input line 106.
))
("C:\Program Files\MiKTeX 2.9\tex\latex\fancyhdr\fancyhdr.sty"
\fancy@headwidth=\skip45
\f@ncyO@elh=\skip46
\f@ncyO@erh=\skip47
\f@ncyO@olh=\skip48
\f@ncyO@orh=\skip49
\f@ncyO@elf=\skip50
\f@ncyO@erf=\skip51
\f@ncyO@olf=\skip52
\f@ncyO@orf=\skip53
)
("C:\Program Files\MiKTeX 2.9\tex\latex\fancybox\fancybox.sty"
Package: fancybox 2010/05/15 1.4

Style option: `fancybox' v1.4 <2010/05/15> (tvz)
\@fancybox=\box26
\shadowsize=\dimen104
\@Sbox=\box27
\do@VerbBox=\toks17
\the@fancyput=\toks18
\this@fancyput=\toks19
\EndVerbatimTokens=\toks20
\Verbatim@Outfile=\write3
\Verbatim@Infile=\read1
) ("C:\Program Files\MiKTeX 2.9\tex\latex\graphics\epsfig.sty"
Package: epsfig 1999/02/16 v1.7a (e)psfig emulation (SPQR)

("C:\Program Files\MiKTeX 2.9\tex\latex\graphics\graphicx.sty"
Package: graphicx 1999/02/16 v1.0f Enhanced LaTeX Graphics (DPC,SPQR)

("C:\Program Files\MiKTeX 2.9\tex\latex\graphics\keyval.sty"
Package: keyval 1999/03/16 v1.13 key=value parser (DPC)
\KV@toks@=\toks21
)
("C:\Program Files\MiKTeX 2.9\tex\latex\graphics\graphics.sty"
Package: graphics 2009/02/05 v1.0o Standard LaTeX Graphics (DPC,SPQR)

("C:\Program Files\MiKTeX 2.9\tex\latex\graphics\trig.sty"
Package: trig 1999/03/16 v1.09 sin cos tan (DPC)
)
("C:\Program Files\MiKTeX 2.9\tex\latex\00miktex\graphics.cfg"
File: graphics.cfg 2007/01/18 v1.5 graphics configuration of teTeX/TeXLive
)
Package graphics Info: Driver file: pdftex.def on input line 91.

("C:\Program Files\MiKTeX 2.9\tex\latex\pdftex-def\pdftex.def"
File: pdftex.def 2011/05/27 v0.06d Graphics/color for pdfTeX

("C:\Program Files\MiKTeX 2.9\tex\generic\oberdiek\infwarerr.sty"
Package: infwarerr 2010/04/08 v1.3 Providing info/warning/error messages (HO)
)
("C:\Program Files\MiKTeX 2.9\tex\generic\oberdiek\ltxcmds.sty"
Package: ltxcmds 2011/11/09 v1.22 LaTeX kernel commands for general use (HO)
)
\Gread@gobject=\count90
))
\Gin@req@height=\dimen105
\Gin@req@width=\dimen106
)
\epsfxsize=\dimen107
\epsfysize=\dimen108
)
("C:\Program Files\MiKTeX 2.9\tex\latex\psfrag\psfrag.sty"
Package: psfrag 1998/04/11 v3.04 PSfrag (MCG)
\pfg@pcount=\count91
\pfg@scount=\count92
\pfg@temp=\write4
)
("C:\Program Files\MiKTeX 2.9\tex\latex\tools\tabularx.sty"
Package: tabularx 1999/01/07 v2.07 `tabularx' package (DPC)

("C:\Program Files\MiKTeX 2.9\tex\latex\tools\array.sty"
Package: array 2008/09/09 v2.4c Tabular extension package (FMi)
\col@sep=\dimen109
\extrarowheight=\dimen110
\NC@list=\toks22
\extratabsurround=\skip54
\backup@length=\skip55
)
\TX@col@width=\dimen111
\TX@old@table=\dimen112
\TX@old@col=\dimen113
\TX@target=\dimen114
\TX@delta=\dimen115
\TX@cols=\count93
\TX@ftn=\toks23
)
("C:\Program Files\MiKTeX 2.9\tex\latex\setspace\setspace.sty"
Package: setspace 2011/12/19 v6.7a set line spacing
)
("C:\Program Files\MiKTeX 2.9\tex\latex\amsmath\amsmath.sty"
Package: amsmath 2013/01/14 v2.14 AMS math features
\@mathmargin=\skip56

For additional information on amsmath, use the `?' option.
("C:\Program Files\MiKTeX 2.9\tex\latex\amsmath\amstext.sty"
Package: amstext 2000/06/29 v2.01

("C:\Program Files\MiKTeX 2.9\tex\latex\amsmath\amsgen.sty"
File: amsgen.sty 1999/11/30 v2.0
\@emptytoks=\toks24
\ex@=\dimen116
))
("C:\Program Files\MiKTeX 2.9\tex\latex\amsmath\amsbsy.sty"
Package: amsbsy 1999/11/29 v1.2d
\pmbraise@=\dimen117
)
("C:\Program Files\MiKTeX 2.9\tex\latex\amsmath\amsopn.sty"
Package: amsopn 1999/12/14 v2.01 operator names
)
\inf@bad=\count94
LaTeX Info: Redefining \frac on input line 210.
\uproot@=\count95
\leftroot@=\count96
LaTeX Info: Redefining \overline on input line 306.
\classnum@=\count97
\DOTSCASE@=\count98
LaTeX Info: Redefining \ldots on input line 378.
LaTeX Info: Redefining \dots on input line 381.
LaTeX Info: Redefining \cdots on input line 466.
\Mathstrutbox@=\box28
\strutbox@=\box29
\big@size=\dimen118
LaTeX Font Info:    Redeclaring font encoding OML on input line 566.
LaTeX Font Info:    Redeclaring font encoding OMS on input line 567.
\macc@depth=\count99
\c@MaxMatrixCols=\count100
\dotsspace@=\muskip10
\c@parentequation=\count101
\dspbrk@lvl=\count102
\tag@help=\toks25
\row@=\count103
\column@=\count104
\maxfields@=\count105
\andhelp@=\toks26
\eqnshift@=\dimen119
\alignsep@=\dimen120
\tagshift@=\dimen121
\tagwidth@=\dimen122
\totwidth@=\dimen123
\lineht@=\dimen124
\@envbody=\toks27
\multlinegap=\skip57
\multlinetaggap=\skip58
\mathdisplay@stack=\toks28
LaTeX Info: Redefining \[ on input line 2665.
LaTeX Info: Redefining \] on input line 2666.
)
("C:\Program Files\MiKTeX 2.9\tex\latex\geometry\geometry.sty"
Package: geometry 2010/09/12 v5.6 Page Geometry

("C:\Program Files\MiKTeX 2.9\tex\generic\oberdiek\ifpdf.sty"
Package: ifpdf 2011/01/30 v2.3 Provides the ifpdf switch (HO)
Package ifpdf Info: pdfTeX in PDF mode is detected.
)
("C:\Program Files\MiKTeX 2.9\tex\generic\oberdiek\ifvtex.sty"
Package: ifvtex 2010/03/01 v1.5 Detect VTeX and its facilities (HO)
Package ifvtex Info: VTeX not detected.
)
("C:\Program Files\MiKTeX 2.9\tex\generic\ifxetex\ifxetex.sty"
Package: ifxetex 2010/09/12 v0.6 Provides ifxetex conditional
)
\Gm@cnth=\count106
\Gm@cntv=\count107
\c@Gm@tempcnt=\count108
\Gm@bindingoffset=\dimen125
\Gm@wd@mp=\dimen126
\Gm@odd@mp=\dimen127
\Gm@even@mp=\dimen128
\Gm@layoutwidth=\dimen129
\Gm@layoutheight=\dimen130
\Gm@layouthoffset=\dimen131
\Gm@layoutvoffset=\dimen132
\Gm@dimlist=\toks29

("C:\Program Files\MiKTeX 2.9\tex\latex\geometry\geometry.cfg"))
("C:\Program Files\MiKTeX 2.9\tex\latex\algorithms\algorithm.sty"
Package: algorithm 2009/08/24 v0.1 Document Style `algorithm' - floating enviro
nment

("C:\Program Files\MiKTeX 2.9\tex\latex\float\float.sty"
Package: float 2001/11/08 v1.3d Float enhancements (AL)
\c@float@type=\count109
\float@exts=\toks30
\float@box=\box30
\@float@everytoks=\toks31
\@floatcapt=\box31
)
("C:\Program Files\MiKTeX 2.9\tex\latex\base\ifthen.sty"
Package: ifthen 2001/05/26 v1.1c Standard LaTeX ifthen package (DPC)
)
\@float@every@algorithm=\toks32
\c@algorithm=\count110
)
("C:\Program Files\MiKTeX 2.9\tex\latex\algorithms\algorithmic.sty"
Package: algorithmic 2009/08/24 v0.1 Document Style `algorithmic'
\c@ALC@unique=\count111
\c@ALC@line=\count112
\c@ALC@rem=\count113
\c@ALC@depth=\count114
\ALC@tlm=\skip59
\algorithmicindent=\skip60
)
("C:\Program Files\MiKTeX 2.9\tex\latex\oberdiek\epstopdf.sty"
Package: epstopdf 2010/02/09 v2.5 Conversion with epstopdf on the fly (HO)

("C:\Program Files\MiKTeX 2.9\tex\latex\oberdiek\epstopdf-base.sty"
Package: epstopdf-base 2010/02/09 v2.5 Base part for package epstopdf

("C:\Program Files\MiKTeX 2.9\tex\latex\oberdiek\grfext.sty"
Package: grfext 2010/08/19 v1.1 Manage graphics extensions (HO)

("C:\Program Files\MiKTeX 2.9\tex\generic\oberdiek\kvdefinekeys.sty"
Package: kvdefinekeys 2011/04/07 v1.3 Define keys (HO)
))
("C:\Program Files\MiKTeX 2.9\tex\latex\oberdiek\kvoptions.sty"
Package: kvoptions 2011/06/30 v3.11 Key value format for package options (HO)

("C:\Program Files\MiKTeX 2.9\tex\generic\oberdiek\kvsetkeys.sty"
Package: kvsetkeys 2012/04/25 v1.16 Key value parser (HO)

("C:\Program Files\MiKTeX 2.9\tex\generic\oberdiek\etexcmds.sty"
Package: etexcmds 2011/02/16 v1.5 Avoid name clashes with e-TeX commands (HO)

("C:\Program Files\MiKTeX 2.9\tex\generic\oberdiek\ifluatex.sty"
Package: ifluatex 2010/03/01 v1.3 Provides the ifluatex switch (HO)
Package ifluatex Info: LuaTeX not detected.
)
Package etexcmds Info: Could not find \expanded.
(etexcmds)             That can mean that you are not using pdfTeX 1.50 or
(etexcmds)             that some package has redefined \expanded.
(etexcmds)             In the latter case, load this package earlier.
)))
("C:\Program Files\MiKTeX 2.9\tex\generic\oberdiek\pdftexcmds.sty"
Package: pdftexcmds 2011/11/29 v0.20 Utility functions of pdfTeX for LuaTeX (HO
)
Package pdftexcmds Info: LuaTeX not detected.
Package pdftexcmds Info: \pdf@primitive is available.
Package pdftexcmds Info: \pdf@ifprimitive is available.
Package pdftexcmds Info: \pdfdraftmode found.
)
Package grfext Info: Graphics extension search list:
(grfext)             [.png,.pdf,.jpg,.mps,.jpeg,.jbig2,.jb2,.PNG,.PDF,.JPG,.JPE
G,.JBIG2,.JB2,.eps]
(grfext)             \AppendGraphicsExtensions on input line 452.
))
("C:\Program Files\MiKTeX 2.9\tex\latex\hyperref\hyperref.sty"
Package: hyperref 2012/11/06 v6.83m Hypertext links for LaTeX

("C:\Program Files\MiKTeX 2.9\tex\generic\oberdiek\hobsub-hyperref.sty"
Package: hobsub-hyperref 2012/04/25 v1.12 Bundle oberdiek, subset hyperref (HO)


("C:\Program Files\MiKTeX 2.9\tex\generic\oberdiek\hobsub-generic.sty"
Package: hobsub-generic 2012/04/25 v1.12 Bundle oberdiek, subset generic (HO)
Package: hobsub 2012/04/25 v1.12 Construct package bundles (HO)
Package hobsub Info: Skipping package `infwarerr' (already loaded).
Package hobsub Info: Skipping package `ltxcmds' (already loaded).
Package hobsub Info: Skipping package `ifluatex' (already loaded).
Package hobsub Info: Skipping package `ifvtex' (already loaded).
Package: intcalc 2007/09/27 v1.1 Expandable calculations with integers (HO)
Package hobsub Info: Skipping package `ifpdf' (already loaded).
Package hobsub Info: Skipping package `etexcmds' (already loaded).
Package hobsub Info: Skipping package `kvsetkeys' (already loaded).
Package hobsub Info: Skipping package `kvdefinekeys' (already loaded).
Package hobsub Info: Skipping package `pdftexcmds' (already loaded).
Package: pdfescape 2011/11/25 v1.13 Implements pdfTeX's escape features (HO)
Package: bigintcalc 2012/04/08 v1.3 Expandable calculations on big integers (HO
)
Package: bitset 2011/01/30 v1.1 Handle bit-vector datatype (HO)
Package: uniquecounter 2011/01/30 v1.2 Provide unlimited unique counter (HO)
)
Package hobsub Info: Skipping package `hobsub' (already loaded).
Package: letltxmacro 2010/09/02 v1.4 Let assignment for LaTeX macros (HO)
Package: hopatch 2011/06/24 v1.1 Wrapper for package hooks (HO)
Package: xcolor-patch 2011/01/30 xcolor patch
Package: atveryend 2011/06/30 v1.8 Hooks at the very end of document (HO)
Package atveryend Info: \enddocument detected (standard20110627).
Package: atbegshi 2011/10/05 v1.16 At begin shipout hook (HO)
Package: refcount 2011/10/16 v3.4 Data extraction from label references (HO)
Package: hycolor 2011/01/30 v1.7 Color options for hyperref/bookmark (HO)
)
("C:\Program Files\MiKTeX 2.9\tex\latex\oberdiek\auxhook.sty"
Package: auxhook 2011/03/04 v1.3 Hooks for auxiliary files (HO)
)
\@linkdim=\dimen133
\Hy@linkcounter=\count115
\Hy@pagecounter=\count116

("C:\Program Files\MiKTeX 2.9\tex\latex\hyperref\pd1enc.def"
File: pd1enc.def 2012/11/06 v6.83m Hyperref: PDFDocEncoding definition (HO)
Now handling font encoding PD1 ...
... no UTF-8 mapping file for font encoding PD1
)
\Hy@SavedSpaceFactor=\count117

("C:\Program Files\MiKTeX 2.9\tex\latex\00miktex\hyperref.cfg"
File: hyperref.cfg 2002/06/06 v1.2 hyperref configuration of TeXLive
)
Package hyperref Info: Option `final' set `true' on input line 4319.
Package hyperref Info: Hyper figures OFF on input line 4443.
Package hyperref Info: Link nesting OFF on input line 4448.
Package hyperref Info: Hyper index ON on input line 4451.
Package hyperref Info: Plain pages OFF on input line 4458.
Package hyperref Info: Backreferencing OFF on input line 4463.
Package hyperref Info: Implicit mode ON; LaTeX internals redefined.
Package hyperref Info: Bookmarks ON on input line 4688.
\c@Hy@tempcnt=\count118

("C:\Program Files\MiKTeX 2.9\tex\latex\url\url.sty"
\Urlmuskip=\muskip11
Package: url 2013/09/16  ver 3.4  Verb mode for urls, etc.
)
LaTeX Info: Redefining \url on input line 5041.
\XeTeXLinkMargin=\dimen134
\Fld@menulength=\count119
\Field@Width=\dimen135
\Fld@charsize=\dimen136
Package hyperref Info: Hyper figures OFF on input line 6295.
Package hyperref Info: Link nesting OFF on input line 6300.
Package hyperref Info: Hyper index ON on input line 6303.
Package hyperref Info: backreferencing OFF on input line 6310.
Package hyperref Info: Link coloring OFF on input line 6315.
Package hyperref Info: Link coloring with OCG OFF on input line 6320.
Package hyperref Info: PDF/A mode OFF on input line 6325.
LaTeX Info: Redefining \ref on input line 6365.
LaTeX Info: Redefining \pageref on input line 6369.
\Hy@abspage=\count120
\c@Item=\count121
\c@Hfootnote=\count122
)

Package hyperref Message: Driver (autodetected): hpdftex.

("C:\Program Files\MiKTeX 2.9\tex\latex\hyperref\hpdftex.def"
File: hpdftex.def 2012/11/06 v6.83m Hyperref driver for pdfTeX
\Fld@listcount=\count123
\c@bookmark@seq@number=\count124

("C:\Program Files\MiKTeX 2.9\tex\latex\oberdiek\rerunfilecheck.sty"
Package: rerunfilecheck 2011/04/15 v1.7 Rerun checks for auxiliary files (HO)
Package uniquecounter Info: New unique counter `rerunfilecheck' on input line 2
82.
)
\Hy@SectionHShift=\skip61
)
Package hyperref Info: Option `debug' set `true' on input line 41.
Package hyperref Info: Option `bookmarksnumbered' set `true' on input line 41.
Package hyperref Info: Option `colorlinks' set `true' on input line 41.
Package hyperref Info: Option `pdfdisplaydoctitle' set `true' on input line 47.


("C:\Program Files\MiKTeX 2.9\tex\latex\tools\showkeys.sty"
Package: showkeys 2007/08/07 v3.15 Show cite and label keys (DPC, MH)
)
("C:\Program Files\MiKTeX 2.9\tex\latex\graphics\color.sty"
Package: color 2005/11/14 v1.0j Standard LaTeX Color (DPC)

("C:\Program Files\MiKTeX 2.9\tex\latex\00miktex\color.cfg"
File: color.cfg 2007/01/18 v1.5 color configuration of teTeX/TeXLive
)
Package color Info: Driver file: pdftex.def on input line 130.
)
Package color Info: Redefining color refkey on input line 52.

(C:\Users\fernando\Dropbox\ufsc\workspaceDexter\EQD\macros.tex
\bracketwidth=\dimen137
LaTeX Font Info:    Try loading font information for OT1+lmr on input line 19.

("C:\Program Files\MiKTeX 2.9\tex\latex\lm\ot1lmr.fd"
File: ot1lmr.fd 2009/10/30 v1.6 Font defs for Latin Modern
)
LaTeX Font Info:    Try loading font information for OML+lmm on input line 19.

("C:\Program Files\MiKTeX 2.9\tex\latex\lm\omllmm.fd"
File: omllmm.fd 2009/10/30 v1.6 Font defs for Latin Modern
)
LaTeX Font Info:    Try loading font information for OMS+lmsy on input line 19.


("C:\Program Files\MiKTeX 2.9\tex\latex\lm\omslmsy.fd"
File: omslmsy.fd 2009/10/30 v1.6 Font defs for Latin Modern
)
LaTeX Font Info:    Try loading font information for OMX+lmex on input line 19.


("C:\Program Files\MiKTeX 2.9\tex\latex\lm\omxlmex.fd"
File: omxlmex.fd 2009/10/30 v1.6 Font defs for Latin Modern
)
LaTeX Font Info:    External font `lmex10' loaded for size
(Font)              <12> on input line 19.
LaTeX Font Info:    External font `lmex10' loaded for size
(Font)              <8> on input line 19.
LaTeX Font Info:    External font `lmex10' loaded for size
(Font)              <6> on input line 19.
LaTeX Font Info:    Try loading font information for U+msa on input line 19.

("C:\Program Files\MiKTeX 2.9\tex\latex\amsfonts\umsa.fd"
File: umsa.fd 2013/01/14 v3.01 AMS symbols A
)
LaTeX Font Info:    Try loading font information for U+msb on input line 19.

("C:\Program Files\MiKTeX 2.9\tex\latex\amsfonts\umsb.fd"
File: umsb.fd 2013/01/14 v3.01 AMS symbols B
)
\c@teorema=\count125
\c@lema=\count126
\c@corolario=\count127
\c@definicao=\count128
)
("C:\Program Files\MiKTeX 2.9\tex\latex\caption\caption.sty"
Package: caption 2013/05/02 v3.3-89 Customizing captions (AR)

("C:\Program Files\MiKTeX 2.9\tex\latex\caption\caption3.sty"
Package: caption3 2013/05/02 v1.6-88 caption3 kernel (AR)
Package caption3 Info: TeX engine: e-TeX on input line 57.
\captionmargin=\dimen138
\captionmargin@=\dimen139
\captionwidth=\dimen140
\caption@tempdima=\dimen141
\caption@indent=\dimen142
\caption@parindent=\dimen143
\caption@hangindent=\dimen144
)
\c@ContinuedFloat=\count129
Package caption Info: float package is loaded.
Package caption Info: hyperref package is loaded.
)
("C:\Program Files\MiKTeX 2.9\tex\latex\caption\subcaption.sty"
Package: subcaption 2013/02/03 v1.1-62 Sub-captions (AR)
\c@subfigure=\count130
\c@subtable=\count131
)
("C:\Program Files\MiKTeX 2.9\tex\latex\pdfpages\pdfpages.sty"
Package: pdfpages 2013/08/25 v0.4v Insert pages of external PDF documents (AM)

("C:\Program Files\MiKTeX 2.9\tex\latex\tools\calc.sty"
Package: calc 2007/08/22 v4.3 Infix arithmetic (KKT,FJ)
\calc@Acount=\count132
\calc@Bcount=\count133
\calc@Adimen=\dimen145
\calc@Bdimen=\dimen146
\calc@Askip=\skip62
\calc@Bskip=\skip63
LaTeX Info: Redefining \setlength on input line 76.
LaTeX Info: Redefining \addtolength on input line 77.
\calc@Ccount=\count134
\calc@Cskip=\skip64
)
("C:\Program Files\MiKTeX 2.9\tex\latex\eso-pic\eso-pic.sty"
Package: eso-pic 2013/10/06 v2.0d eso-pic (RN)
)
("C:\Program Files\MiKTeX 2.9\tex\latex\pdfpages\pppdftex.def"
File: pppdftex.def 2013/08/25 v0.4v Pdfpages driver for pdfTeX (AM)
)
\AM@pagebox=\box32
\AM@toc@title=\toks33
\c@AM@survey=\count135
\AM@templatesizebox=\box33
)
\symlettersA=\mathgroup6

(C:\Users\fernando\Dropbox\ufsc\workspaceDexter\EQD\dissertacao.aux
(C:\Users\fernando\Dropbox\ufsc\workspaceDexter\EQD\cap1.aux)
(C:\Users\fernando\Dropbox\ufsc\workspaceDexter\EQD\cap2.aux)
(C:\Users\fernando\Dropbox\ufsc\workspaceDexter\EQD\cap3.aux))
LaTeX Font Info:    Checking defaults for OML/cmm/m/it on input line 87.
LaTeX Font Info:    ... okay on input line 87.
LaTeX Font Info:    Checking defaults for T1/cmr/m/n on input line 87.
LaTeX Font Info:    ... okay on input line 87.
LaTeX Font Info:    Checking defaults for OT1/cmr/m/n on input line 87.
LaTeX Font Info:    ... okay on input line 87.
LaTeX Font Info:    Checking defaults for OMS/cmsy/m/n on input line 87.
LaTeX Font Info:    ... okay on input line 87.
LaTeX Font Info:    Checking defaults for OMX/cmex/m/n on input line 87.
LaTeX Font Info:    ... okay on input line 87.
LaTeX Font Info:    Checking defaults for U/cmr/m/n on input line 87.
LaTeX Font Info:    ... okay on input line 87.
LaTeX Font Info:    Checking defaults for PD1/pdf/m/n on input line 87.
LaTeX Font Info:    ... okay on input line 87.
LaTeX Font Info:    Try loading font information for T1+lmr on input line 87.

("C:\Program Files\MiKTeX 2.9\tex\latex\lm\t1lmr.fd"
File: t1lmr.fd 2009/10/30 v1.6 Font defs for Latin Modern
)
("C:\Program Files\MiKTeX 2.9\tex\context\base\supp-pdf.mkii"
[Loading MPS to PDF converter (version 2006.09.02).]
\scratchcounter=\count136
\scratchdimen=\dimen147
\scratchbox=\box34
\nofMPsegments=\count137
\nofMParguments=\count138
\everyMPshowfont=\toks34
\MPscratchCnt=\count139
\MPscratchDim=\dimen148
\MPnumerator=\count140
\makeMPintoPDFobject=\count141
\everyMPtoPDFconversion=\toks35
)
*geometry* driver: auto-detecting
*geometry* detected driver: pdftex
*geometry* verbose mode - [ preamble ] result:
* driver: pdftex
* paper: custom
* layout: <same size as paper>
* layoutoffset:(h,v)=(0.0pt,0.0pt)
* modes: 
* h-part:(L,W,R)=(71.13188pt, 486.25761pt, 56.9055pt)
* v-part:(T,H,B)=(56.9055pt, 681.15898pt, 56.9055pt)
* \paperwidth=614.295pt
* \paperheight=794.96999pt
* \textwidth=486.25761pt
* \textheight=681.15898pt
* \oddsidemargin=-1.1381pt
* \evensidemargin=-1.1381pt
* \topmargin=-47.23828pt
* \headheight=15.0pt
* \headsep=19.8738pt
* \topskip=12.0pt
* \footskip=30.0pt
* \marginparwidth=47.0pt
* \marginparsep=7.0pt
* \columnsep=10.0pt
* \skip\footins=10.8pt plus 4.0pt minus 2.0pt
* \hoffset=0.0pt
* \voffset=0.0pt
* \mag=1000
* \@twocolumnfalse
* \@twosidefalse
* \@mparswitchfalse
* \@reversemarginfalse
* (1in=72.27pt=25.4mm, 1cm=28.453pt)

\AtBeginShipoutBox=\box35
Package hyperref Info: Link coloring ON on input line 87.
("C:\Program Files\MiKTeX 2.9\tex\latex\hyperref\nameref.sty"
Package: nameref 2012/10/27 v2.43 Cross-referencing by name of section

("C:\Program Files\MiKTeX 2.9\tex\generic\oberdiek\gettitlestring.sty"
Package: gettitlestring 2010/12/03 v1.4 Cleanup title references (HO)
)
\c@section@level=\count142
)
LaTeX Info: Redefining \ref on input line 87.
LaTeX Info: Redefining \pageref on input line 87.
LaTeX Info: Redefining \nameref on input line 87.

(C:\Users\fernando\Dropbox\ufsc\workspaceDexter\EQD\dissertacao.out)
(C:\Users\fernando\Dropbox\ufsc\workspaceDexter\EQD\dissertacao.out)
\@outlinefile=\write5
Package hyperref Info: Anchor `Doc-Start' on input line 87.
Package caption Info: Begin \AtBeginDocument code.
Package caption Info: End \AtBeginDocument code.

(C:\Users\fernando\Dropbox\ufsc\workspaceDexter\EQD\capa.tex
LaTeX Font Info:    Try loading font information for U+txmia on input line 39.

("C:\Program Files\MiKTeX 2.9\tex\latex\txfonts\utxmia.fd"
File: utxmia.fd 2000/12/15 v3.1
)
Package hyperref Info: Anchor `page.i' on input line 106.
 [1
Non-PDF special ignored!

{C:/ProgramData/MiKTeX/2.9/pdftex/config/pdftex.map}])
(C:\Users\fernando\Dropbox\ufsc\workspaceDexter\EQD\res_abstract.tex
Package hyperref Info: Anchor `chapter*.1' on input line 2.
Package hyperref Info: Anchor `page.ii' on input line 36.
 [2

]
Package hyperref Info: Anchor `chapter*.2' on input line 36.
)
Package hyperref Info: Anchor `page.iii' on input line 125.

[3

]
Package hyperref Info: Anchor `chapter*.3' on input line 125.
 (C:\Users\fernando\Dropbox\ufsc\workspaceDexter\EQD\dissertacao.toc
Package hyperref Info: Reference (link) `chapter.1' on input line 2.
Package hyperref Info: Reference (link) `section.1.1' on input line 3.
Package hyperref Info: Reference (link) `chapter.2' on input line 4.
Package hyperref Info: Reference (link) `section.2.1' on input line 5.
Package hyperref Info: Reference (link) `section.2.2' on input line 6.
Package hyperref Info: Reference (link) `section.2.3' on input line 7.
Package hyperref Info: Reference (link) `chapter.3' on input line 8.
Package hyperref Info: Reference (link) `section.3.1' on input line 9.
Package hyperref Info: Reference (link) `section.3.2' on input line 10.
Package hyperref Info: Reference (link) `figure.caption.7' on input line 11.
)
\tf@toc=\write6
Package hyperref Info: Anchor `page.iv' on input line 131.

[4

Package `hyperref' Info: End of reference (link) `chapter.1', line 2.
Package `hyperref' Info: End of reference (link) `section.1.1', line 3.
Package `hyperref' Info: End of reference (link) `chapter.2', line 4.
Package `hyperref' Info: End of reference (link) `section.2.1', line 5.
Package `hyperref' Info: End of reference (link) `section.2.2', line 6.
Package `hyperref' Info: End of reference (link) `section.2.3', line 7.
Package `hyperref' Info: End of reference (link) `chapter.3', line 8.
Package `hyperref' Info: End of reference (link) `section.3.1', line 9.
Package `hyperref' Info: End of reference (link) `section.3.2', line 10.
Package `hyperref' Info: End of reference (link) `figure.caption.7', line 11.
] (C:\Users\fernando\Dropbox\ufsc\workspaceDexter\EQD\cap1.tex
Package hyperref Info: Anchor `chapter.1' on input line 1.

Cap\'{\i }tulo 1.
Package hyperref Info: bookmark on input line 1:
(hyperref)             thecounter {1}
(hyperref)             text {\protect \numberline {\thechapter }Introdu√ß√£o}
(hyperref)             reference {chapter.1}
(hyperref)             toclevel {0}
(hyperref)             type {toc}.
Package hyperref Info: Reference (cite) `cite.tarantola' on input line 11.
Package hyperref Info: Reference (cite) `cite.tarantola' on input line 11.
Package hyperref Info: Reference (link) `figure.caption.4' on input line 38.
Package hyperref Info: Anchor `page.1' on input line 39.
[1


Package `hyperref' Info: End of reference (cite) `cite.tarantola', line 11.
Package `hyperref' Info: End of reference (cite) `cite.tarantola', line 11.
]
Package hyperref Info: Anchor `figure.caption.4' on input line 40.
 <fig/seismic_survey.png, id=85, 451.6875pt x 246.1697pt>
File: fig/seismic_survey.png Graphic file (type png)

<use fig/seismic_survey.png>
Package pdftex.def Info: fig/seismic_survey.png used on input line 42.
(pdftex.def)             Requested size: 389.00757pt x 212.02107pt.
Package hyperref Info: bookmark on input line 43:
(hyperref)             thecounter {1.1}
(hyperref)             text {\protect \numberline {\caption@lstfmt {\@nameuse {
p@figure}}{\@nameuse {thefigure}}}{\ignorespaces M√©todo de s√≠smica de reflex√
£o \citep {figsismica}\relax }}
(hyperref)             reference {figure.caption.4}
(hyperref)             toclevel {0}
(hyperref)             type {lof}.
Package hyperref Info: Reference (cite) `cite.figsismica' on input line 43.
Package hyperref Info: Reference (cite) `cite.figsismica' on input line 43.
Package hyperref Info: Reference (cite) `cite.figsismica' on input line 43.
Package hyperref Info: Reference (cite) `cite.figsismica' on input line 43.
Package hyperref Info: Reference (cite) `cite.sen_livro' on input line 54.
Package hyperref Info: Reference (cite) `cite.sen_livro' on input line 54.
Package hyperref Info: Anchor `equation.1.0.1' on input line 56.
Package hyperref Info: Anchor `equation.1.0.1' on input line 56.
Package hyperref Info: Anchor `equation.1.0.1' on input line 56.
Package hyperref Info: Anchor `equation.1.0.1' on input line 56.
Package hyperref Info: Anchor `equation.1.0.2' on input line 65.
Package hyperref Info: Anchor `equation.1.0.2' on input line 65.
Package hyperref Info: Anchor `equation.1.0.2' on input line 65.
Package hyperref Info: Anchor `equation.1.0.2' on input line 65.
Package hyperref Info: Anchor `page.2' on input line 81.
 [2
Package `hyperref' Info: End of reference (link) `figure.caption.4', line 38.
Package `hyperref' Info: End of reference (cite) `cite.figsismica', line 43.
Package `hyperref' Info: End of reference (cite) `cite.figsismica', line 43.
Package `hyperref' Info: End of reference (cite) `cite.sen_livro', line 54.
Package `hyperref' Info: End of reference (cite) `cite.sen_livro', line 54.
 <C:/Users/fernando/Dropbox/ufsc/workspaceDexter/EQD/fig/seismic_survey.png>]
Package hyperref Info: Reference (cite) `cite.tompkins_comparisonBayes' on inpu
t line 86.
Package hyperref Info: Reference (cite) `cite.tompkins_comparisonBayes' on inpu
t line 86.
Package hyperref Info: Reference (cite) `cite.hansenGibbsPrior' on input line 1
03.
Package hyperref Info: Reference (cite) `cite.hansenGibbsPrior' on input line 1
03.
Package hyperref Info: Reference (cite) `cite.senSimulatedAnnealin' on input li
ne 112.
Package hyperref Info: Reference (cite) `cite.senSimulatedAnnealin' on input li
ne 112.
Package hyperref Info: Reference (cite) `cite.MallickGeneticInve' on input line
 112.
Package hyperref Info: Reference (cite) `cite.MallickGeneticInve' on input line
 112.
Package hyperref Info: Reference (cite) `cite.max_inv_simulated' on input line 
112.
Package hyperref Info: Reference (cite) `cite.max_inv_simulated' on input line 
112.
Package hyperref Info: Reference (cite) `cite.Artun2011143' on input line 112.
Package hyperref Info: Reference (cite) `cite.Artun2011143' on input line 112.
Package hyperref Info: Reference (cite) `cite.MartinezPSO' on input line 112.
Package hyperref Info: Reference (cite) `cite.MartinezPSO' on input line 112.
Package hyperref Info: Reference (cite) `cite.Sambridge22102013' on input line 
112.
Package hyperref Info: Reference (cite) `cite.Sambridge22102013' on input line 
112.
Package hyperref Info: Reference (cite) `cite.leandro_SEG' on input line 121.
Package hyperref Info: Reference (cite) `cite.leandro_SEG' on input line 121.
Package hyperref Info: Reference (cite) `cite.TompkinsScalabUnce2011' on input 
line 125.
Package hyperref Info: Reference (cite) `cite.TompkinsScalabUnce2011' on input 
line 125.
Package hyperref Info: Anchor `page.3' on input line 129.
 [3
Package `hyperref' Info: End of reference (cite) `cite.tompkins_comparisonBayes
', line 86.
Package `hyperref' Info: End of reference (cite) `cite.tompkins_comparisonBayes
', line 86.
Package `hyperref' Info: End of reference (cite) `cite.hansenGibbsPrior', line 
103.
Package `hyperref' Info: End of reference (cite) `cite.hansenGibbsPrior', line 
103.
Package `hyperref' Info: End of reference (cite) `cite.senSimulatedAnnealin', l
ine 112.
Package `hyperref' Info: End of reference (cite) `cite.senSimulatedAnnealin', l
ine 112.
Package `hyperref' Info: End of reference (cite) `cite.MallickGeneticInve', lin
e 112.
Package `hyperref' Info: End of reference (cite) `cite.MallickGeneticInve', lin
e 112.
Package `hyperref' Info: End of reference (cite) `cite.max_inv_simulated', line
 112.
Package `hyperref' Info: End of reference (cite) `cite.max_inv_simulated', line
 112.
Package `hyperref' Info: End of reference (cite) `cite.Artun2011143', line 112.

Package `hyperref' Info: End of reference (cite) `cite.Artun2011143', line 112.

Package `hyperref' Info: End of reference (cite) `cite.MartinezPSO', line 112.
Package `hyperref' Info: End of reference (cite) `cite.MartinezPSO', line 112.
Package `hyperref' Info: End of reference (cite) `cite.Sambridge22102013', line
 112.
Package `hyperref' Info: End of reference (cite) `cite.Sambridge22102013', line
 112.
]
Package hyperref Info: Reference (cite) `cite.isaaks1989geostats' on input line
 134.
Package hyperref Info: Reference (cite) `cite.isaaks1989geostats' on input line
 134.
Package hyperref Info: Reference (cite) `cite.amilcarInversao' on input line 14
1.
Package hyperref Info: Reference (cite) `cite.amilcarInversao' on input line 14
1.
Package hyperref Info: Reference (cite) `cite.amilcarInversao' on input line 15
1.
Package hyperref Info: Reference (cite) `cite.amilcarInversao' on input line 15
1.
Package hyperref Info: Reference (cite) `cite.Buland01012003' on input line 157
.
Package hyperref Info: Reference (cite) `cite.Buland01012003' on input line 157
.
Package hyperref Info: Anchor `page.4' on input line 167.
 [4
Package `hyperref' Info: End of reference (cite) `cite.leandro_SEG', line 121.
Package `hyperref' Info: End of reference (cite) `cite.leandro_SEG', line 121.
Package `hyperref' Info: End of reference (cite) `cite.TompkinsScalabUnce2011',
 line 125.
Package `hyperref' Info: End of reference (cite) `cite.TompkinsScalabUnce2011',
 line 125.
Package `hyperref' Info: End of reference (cite) `cite.isaaks1989geostats', lin
e 134.
Package `hyperref' Info: End of reference (cite) `cite.isaaks1989geostats', lin
e 134.
Package `hyperref' Info: End of reference (cite) `cite.amilcarInversao', line 1
41.
Package `hyperref' Info: End of reference (cite) `cite.amilcarInversao', line 1
41.
Package `hyperref' Info: End of reference (cite) `cite.amilcarInversao', line 1
51.
Package `hyperref' Info: End of reference (cite) `cite.amilcarInversao', line 1
51.
Package `hyperref' Info: End of reference (cite) `cite.Buland01012003', line 15
7.
Package `hyperref' Info: End of reference (cite) `cite.Buland01012003', line 15
7.
]
Package hyperref Info: Anchor `section.1.1' on input line 169.
Package hyperref Info: bookmark on input line 169:
(hyperref)             thecounter {1.1}
(hyperref)             text {\ifnum 1>\c@secnumdepth \else \protect \numberline
 {\csname thesection\endcsname }\fi Organiza√ß√£o do Texto}
(hyperref)             reference {section.1.1}
(hyperref)             toclevel {1}
(hyperref)             type {toc}.
Package hyperref Info: Reference (link) `chapter.2' on input line 172.
Package hyperref Info: Reference (link) `chapter.3' on input line 173.
)
Package hyperref Info: Anchor `page.5' on input line 131.
 [5
Package `hyperref' Info: End of reference (link) `chapter.2', line 172.
Package `hyperref' Info: End of reference (link) `chapter.3', line 173.
]
(C:\Users\fernando\Dropbox\ufsc\workspaceDexter\EQD\cap2.tex
Package hyperref Info: Anchor `chapter.2' on input line 1.

Cap\'{\i }tulo 2.
Package hyperref Info: bookmark on input line 1:
(hyperref)             thecounter {2}
(hyperref)             text {\protect \numberline {\thechapter }Modelos de Inve
rs√£o S√≠smica com Modelagem de Incerteza}
(hyperref)             reference {chapter.2}
(hyperref)             toclevel {0}
(hyperref)             type {toc}.
Package hyperref Info: Reference (cite) `cite.sen_livro' on input line 13.
Package hyperref Info: Reference (cite) `cite.sen_livro' on input line 13.
Package hyperref Info: Anchor `equation.2.0.1' on input line 29.
Package hyperref Info: Anchor `equation.2.0.1' on input line 29.
Package hyperref Info: Anchor `equation.2.0.1' on input line 29.
Package hyperref Info: Anchor `equation.2.0.1' on input line 29.
Package hyperref Info: Anchor `page.6' on input line 37.
[6



Package `hyperref' Info: End of reference (cite) `cite.sen_livro', line 13.
Package `hyperref' Info: End of reference (cite) `cite.sen_livro', line 13.
]
Package hyperref Info: Anchor `section.2.1' on input line 38.
Package hyperref Info: bookmark on input line 38:
(hyperref)             thecounter {2.1}
(hyperref)             text {\ifnum 1>\c@secnumdepth \else \protect \numberline
 {\csname thesection\endcsname }\fi Invers√£o S√≠smica Linear e N√£o Linear}
(hyperref)             reference {section.2.1}
(hyperref)             toclevel {1}
(hyperref)             type {toc}.
Package hyperref Info: Anchor `equation.2.1.2' on input line 46.
Package hyperref Info: Anchor `equation.2.1.2' on input line 46.
Package hyperref Info: Anchor `equation.2.1.2' on input line 46.
Package hyperref Info: Anchor `equation.2.1.2' on input line 46.
Package hyperref Info: Anchor `equation.2.1.3' on input line 52.
Package hyperref Info: Anchor `equation.2.1.3' on input line 52.
Package hyperref Info: Anchor `equation.2.1.3' on input line 52.
Package hyperref Info: Anchor `equation.2.1.3' on input line 52.
Package hyperref Info: Anchor `equation.2.1.4' on input line 59.
Package hyperref Info: Anchor `equation.2.1.4' on input line 59.
Package hyperref Info: Anchor `equation.2.1.4' on input line 59.
Package hyperref Info: Anchor `equation.2.1.4' on input line 59.
Package hyperref Info: Reference (cite) `cite.sen_livro' on input line 68.
Package hyperref Info: Reference (cite) `cite.sen_livro' on input line 68.
Package hyperref Info: Reference (cite) `cite.clappRegLeast3D' on input line 75
.
Package hyperref Info: Reference (cite) `cite.clappRegLeast3D' on input line 75
.
Package hyperref Info: Reference (link) `equation.2.1.4' on input line 79.
Package hyperref Info: Reference (cite) `cite.max_inv_simulated' on input line 
86.
Package hyperref Info: Reference (cite) `cite.max_inv_simulated' on input line 
86.
Package hyperref Info: Reference (cite) `cite.MallickGeneticInve' on input line
 86.
Package hyperref Info: Reference (cite) `cite.MallickGeneticInve' on input line
 86.
Package hyperref Info: Reference (cite) `cite.zhe_nonlinear' on input line 87.
Package hyperref Info: Reference (cite) `cite.zhe_nonlinear' on input line 87.
Package hyperref Info: Anchor `page.7' on input line 88.
 [7
Package `hyperref' Info: End of reference (cite) `cite.sen_livro', line 68.
Package `hyperref' Info: End of reference (cite) `cite.sen_livro', line 68.
Package `hyperref' Info: End of reference (cite) `cite.clappRegLeast3D', line 7
5.
Package `hyperref' Info: End of reference (cite) `cite.clappRegLeast3D', line 7
5.
Package `hyperref' Info: End of reference (link) `equation.2.1.4', line 79.
]
Package hyperref Info: Reference (cite) `cite.azevedo2013_avoinv' on input line
 92.
Package hyperref Info: Reference (cite) `cite.azevedo2013_avoinv' on input line
 92.
Package hyperref Info: Reference (cite) `cite.Buland01012003' on input line 92.

Package hyperref Info: Reference (cite) `cite.Buland01012003' on input line 92.

Package hyperref Info: Reference (link) `equation.2.1.5' on input line 97.
Package hyperref Info: Anchor `equation.2.1.5' on input line 100.
Package hyperref Info: Anchor `equation.2.1.5' on input line 100.
Package hyperref Info: Anchor `equation.2.1.5' on input line 100.
Package hyperref Info: Anchor `equation.2.1.5' on input line 100.
Package hyperref Info: Anchor `equation.2.1.6' on input line 108.
Package hyperref Info: Anchor `equation.2.1.6' on input line 108.
Package hyperref Info: Anchor `equation.2.1.6' on input line 108.
Package hyperref Info: Anchor `equation.2.1.6' on input line 108.
Package hyperref Info: Anchor `equation.2.1.7' on input line 112.
Package hyperref Info: Anchor `equation.2.1.7' on input line 112.
Package hyperref Info: Anchor `equation.2.1.7' on input line 112.
Package hyperref Info: Anchor `equation.2.1.7' on input line 112.
Package hyperref Info: Anchor `equation.2.1.8' on input line 116.
Package hyperref Info: Anchor `equation.2.1.8' on input line 116.
Package hyperref Info: Anchor `equation.2.1.8' on input line 116.
Package hyperref Info: Anchor `equation.2.1.8' on input line 116.
Package hyperref Info: Reference (cite) `cite.Buland01012003' on input line 127
.
Package hyperref Info: Reference (cite) `cite.Buland01012003' on input line 127
.
Package hyperref Info: Anchor `section.2.2' on input line 130.
Package hyperref Info: bookmark on input line 130:
(hyperref)             thecounter {2.2}
(hyperref)             text {\ifnum 1>\c@secnumdepth \else \protect \numberline
 {\csname thesection\endcsname }\fi Modelagem de Incerteza}
(hyperref)             reference {section.2.2}
(hyperref)             toclevel {1}
(hyperref)             type {toc}.
Package hyperref Info: Reference (cite) `cite.TompkinsScalabUnce2011' on input 
line 136.
Package hyperref Info: Reference (cite) `cite.TompkinsScalabUnce2011' on input 
line 136.
Package hyperref Info: Anchor `page.8' on input line 140.
 [8
Package `hyperref' Info: End of reference (cite) `cite.max_inv_simulated', line
 86.
Package `hyperref' Info: End of reference (cite) `cite.max_inv_simulated', line
 86.
Package `hyperref' Info: End of reference (cite) `cite.MallickGeneticInve', lin
e 86.
Package `hyperref' Info: End of reference (cite) `cite.MallickGeneticInve', lin
e 86.
Package `hyperref' Info: End of reference (cite) `cite.zhe_nonlinear', line 87.

Package `hyperref' Info: End of reference (cite) `cite.zhe_nonlinear', line 87.

Package `hyperref' Info: End of reference (cite) `cite.azevedo2013_avoinv', lin
e 92.
Package `hyperref' Info: End of reference (cite) `cite.azevedo2013_avoinv', lin
e 92.
Package `hyperref' Info: End of reference (cite) `cite.Buland01012003', line 92
.
Package `hyperref' Info: End of reference (cite) `cite.Buland01012003', line 92
.
Package `hyperref' Info: End of reference (link) `equation.2.1.5', line 97.
Package `hyperref' Info: End of reference (cite) `cite.Buland01012003', line 12
7.
Package `hyperref' Info: End of reference (cite) `cite.Buland01012003', line 12
7.
Package `hyperref' Info: End of reference (cite) `cite.TompkinsScalabUnce2011',
 line 136.
Package `hyperref' Info: End of reference (cite) `cite.TompkinsScalabUnce2011',
 line 136.
]
Package hyperref Info: Anchor `equation.2.2.9' on input line 141.
Package hyperref Info: Anchor `equation.2.2.9' on input line 141.
Package hyperref Info: Anchor `equation.2.2.9' on input line 141.
Package hyperref Info: Anchor `equation.2.2.9' on input line 141.
Package hyperref Info: Reference (cite) `cite.Martinez2011Topogra' on input lin
e 145.
Package hyperref Info: Reference (cite) `cite.Martinez2011Topogra' on input lin
e 145.
Package hyperref Info: Reference (link) `figure.caption.5' on input line 146.
Package hyperref Info: Anchor `figure.caption.5' on input line 148.
 <fig/errorFuncTol.pdf, id=217, 750.4958pt x 291.39906pt>
File: fig/errorFuncTol.pdf Graphic file (type pdf)

<use fig/errorFuncTol.pdf>
Package pdftex.def Info: fig/errorFuncTol.pdf used on input line 150.
(pdftex.def)             Requested size: 340.37885pt x 132.16437pt.
Package hyperref Info: bookmark on input line 151:
(hyperref)             thecounter {2.1}
(hyperref)             text {\protect \numberline {\caption@lstfmt {\@nameuse {
p@figure}}{\@nameuse {thefigure}}}{\ignorespaces Efeito da toler√¢ncia na fun√ß
√£o de erro\relax }}
(hyperref)             reference {figure.caption.5}
(hyperref)             toclevel {0}
(hyperref)             type {lof}.
Package hyperref Info: Reference (link) `figure.caption.5' on input line 158.
Package hyperref Info: Reference (cite) `cite.Buland01012003' on input line 165
.
Package hyperref Info: Reference (cite) `cite.Buland01012003' on input line 165
.
Package hyperref Info: Reference (link) `equation.2.1.4' on input line 168.
Package hyperref Info: Anchor `page.9' on input line 182.
 [9
Package `hyperref' Info: End of reference (cite) `cite.Martinez2011Topogra', li
ne 145.
Package `hyperref' Info: End of reference (cite) `cite.Martinez2011Topogra', li
ne 145.
Package `hyperref' Info: End of reference (link) `figure.caption.5', line 146.
Package `hyperref' Info: End of reference (link) `figure.caption.5', line 158.
Package `hyperref' Info: End of reference (cite) `cite.Buland01012003', line 16
5.
Package `hyperref' Info: End of reference (cite) `cite.Buland01012003', line 16
5.
Package `hyperref' Info: End of reference (link) `equation.2.1.4', line 168.
 <C:/Users/fernando/Dropbox/ufsc/workspaceDexter/EQD/fig/errorFuncTol.pdf>]
Package hyperref Info: Reference (cite) `cite.leandro_SEG' on input line 190.
Package hyperref Info: Reference (cite) `cite.leandro_SEG' on input line 190.
Package hyperref Info: Reference (cite) `cite.zunino2014' on input line 200.
Package hyperref Info: Reference (cite) `cite.zunino2014' on input line 200.
Package hyperref Info: Reference (cite) `cite.BulandWavStochastic' on input lin
e 213.
Package hyperref Info: Reference (cite) `cite.BulandWavStochastic' on input lin
e 213.
Package hyperref Info: Reference (cite) `cite.Sen1995v' on input line 218.
Package hyperref Info: Reference (cite) `cite.Sen1995v' on input line 218.
Package hyperref Info: Reference (cite) `cite.Martinez:2010PSO' on input line 2
21.
Package hyperref Info: Reference (cite) `cite.Martinez:2010PSO' on input line 2
21.
Package hyperref Info: Anchor `page.10' on input line 224.
 [10
Package `hyperref' Info: End of reference (cite) `cite.leandro_SEG', line 190.
Package `hyperref' Info: End of reference (cite) `cite.leandro_SEG', line 190.
Package `hyperref' Info: End of reference (cite) `cite.zunino2014', line 200.
Package `hyperref' Info: End of reference (cite) `cite.zunino2014', line 200.
Package `hyperref' Info: End of reference (cite) `cite.BulandWavStochastic', li
ne 213.
Package `hyperref' Info: End of reference (cite) `cite.BulandWavStochastic', li
ne 213.
Package `hyperref' Info: End of reference (cite) `cite.Sen1995v', line 218.
]
Package hyperref Info: Reference (cite) `cite.Sen1995v' on input line 226.
Package hyperref Info: Reference (cite) `cite.Sen1995v' on input line 226.
Package hyperref Info: Reference (cite) `cite.Martinez2011Topogra' on input lin
e 229.
Package hyperref Info: Reference (cite) `cite.Martinez2011Topogra' on input lin
e 229.
Package hyperref Info: Reference (cite) `cite.TompkinsScalabUnce2011' on input 
line 234.
Package hyperref Info: Reference (cite) `cite.TompkinsScalabUnce2011' on input 
line 234.
Package hyperref Info: Reference (cite) `cite.smolyak63quadrature' on input lin
e 245.
Package hyperref Info: Reference (cite) `cite.smolyak63quadrature' on input lin
e 245.
Package hyperref Info: Reference (cite) `cite.jolliffe2002principal' on input l
ine 256.
Package hyperref Info: Reference (cite) `cite.jolliffe2002principal' on input l
ine 256.
Package hyperref Info: Reference (cite) `cite.TompkinsScalabUnce2011' on input 
line 265.
Package hyperref Info: Reference (cite) `cite.TompkinsScalabUnce2011' on input 
line 265.
Package hyperref Info: Reference (cite) `cite.TompkinsCupature' on input line 2
66.
Package hyperref Info: Reference (cite) `cite.TompkinsCupature' on input line 2
66.
Package hyperref Info: Reference (cite) `cite.tompkins_comparisonBayes' on inpu
t line 268.
Package hyperref Info: Reference (cite) `cite.tompkins_comparisonBayes' on inpu
t line 268.
Package hyperref Info: Anchor `page.11' on input line 269.
 [11
Package `hyperref' Info: End of reference (cite) `cite.Sen1995v', line 218.
Package `hyperref' Info: End of reference (cite) `cite.Martinez:2010PSO', line 
221.
Package `hyperref' Info: End of reference (cite) `cite.Martinez:2010PSO', line 
221.
Package `hyperref' Info: End of reference (cite) `cite.Sen1995v', line 226.
Package `hyperref' Info: End of reference (cite) `cite.Sen1995v', line 226.
Package `hyperref' Info: End of reference (cite) `cite.Martinez2011Topogra', li
ne 229.
Package `hyperref' Info: End of reference (cite) `cite.Martinez2011Topogra', li
ne 229.
Package `hyperref' Info: End of reference (cite) `cite.TompkinsScalabUnce2011',
 line 234.
Package `hyperref' Info: End of reference (cite) `cite.TompkinsScalabUnce2011',
 line 234.
Package `hyperref' Info: End of reference (cite) `cite.smolyak63quadrature', li
ne 245.
Package `hyperref' Info: End of reference (cite) `cite.smolyak63quadrature', li
ne 245.
Package `hyperref' Info: End of reference (cite) `cite.jolliffe2002principal', 
line 256.
Package `hyperref' Info: End of reference (cite) `cite.jolliffe2002principal', 
line 256.
]
Package hyperref Info: Reference (cite) `cite.caers_distance_kernels_MDS' on in
put line 271.
Package hyperref Info: Reference (cite) `cite.caers_distance_kernels_MDS' on in
put line 271.
Package hyperref Info: Reference (cite) `cite.2001amilcarDSS' on input line 281
.
Package hyperref Info: Reference (cite) `cite.2001amilcarDSS' on input line 281
.
Package hyperref Info: Reference (cite) `cite.amilcarInversao' on input line 28
5.
Package hyperref Info: Reference (cite) `cite.amilcarInversao' on input line 28
5.
Package hyperref Info: Anchor `section.2.3' on input line 294.
Package hyperref Info: bookmark on input line 294:
(hyperref)             thecounter {2.3}
(hyperref)             text {\ifnum 1>\c@secnumdepth \else \protect \numberline
 {\csname thesection\endcsname }\fi Resumo}
(hyperref)             reference {section.2.3}
(hyperref)             toclevel {1}
(hyperref)             type {toc}.
)
Package hyperref Info: Anchor `page.12' on input line 134.
 [12
Package `hyperref' Info: End of reference (cite) `cite.TompkinsScalabUnce2011',
 line 265.
Package `hyperref' Info: End of reference (cite) `cite.TompkinsScalabUnce2011',
 line 265.
Package `hyperref' Info: End of reference (cite) `cite.TompkinsCupature', line 
266.
Package `hyperref' Info: End of reference (cite) `cite.TompkinsCupature', line 
266.
Package `hyperref' Info: End of reference (cite) `cite.tompkins_comparisonBayes
', line 268.
Package `hyperref' Info: End of reference (cite) `cite.tompkins_comparisonBayes
', line 268.
Package `hyperref' Info: End of reference (cite) `cite.caers_distance_kernels_M
DS', line 271.
Package `hyperref' Info: End of reference (cite) `cite.caers_distance_kernels_M
DS', line 271.
Package `hyperref' Info: End of reference (cite) `cite.2001amilcarDSS', line 28
1.
Package `hyperref' Info: End of reference (cite) `cite.2001amilcarDSS', line 28
1.
Package `hyperref' Info: End of reference (cite) `cite.amilcarInversao', line 2
85.
Package `hyperref' Info: End of reference (cite) `cite.amilcarInversao', line 2
85.
]
(C:\Users\fernando\Dropbox\ufsc\workspaceDexter\EQD\cap3.tex
Package hyperref Info: Anchor `chapter.3' on input line 1.

Cap\'{\i }tulo 3.
Package hyperref Info: bookmark on input line 1:
(hyperref)             thecounter {3}
(hyperref)             text {\protect \numberline {\thechapter }Modelo H√≠brido
 Bayesiano Geoestat√≠stico}
(hyperref)             reference {chapter.3}
(hyperref)             toclevel {0}
(hyperref)             type {toc}.
Package hyperref Info: Reference (cite) `cite.amilcarInversao' on input line 9.

Package hyperref Info: Reference (cite) `cite.amilcarInversao' on input line 9.

Package hyperref Info: Reference (cite) `cite.Buland01012003' on input line 11.

Package hyperref Info: Reference (cite) `cite.Buland01012003' on input line 11.

Package hyperref Info: Reference (cite) `cite.amilcarInversao' on input line 14
.
Package hyperref Info: Reference (cite) `cite.amilcarInversao' on input line 14
.
Package hyperref Info: Reference (cite) `cite.Buland01012003' on input line 19.

Package hyperref Info: Reference (cite) `cite.Buland01012003' on input line 19.

Package hyperref Info: Anchor `section.3.1' on input line 27.
Package hyperref Info: bookmark on input line 27:
(hyperref)             thecounter {3.1}
(hyperref)             text {\ifnum 1>\c@secnumdepth \else \protect \numberline
 {\csname thesection\endcsname }\fi Resultados Preliminares}
(hyperref)             reference {section.3.1}
(hyperref)             toclevel {1}
(hyperref)             type {toc}.
Package hyperref Info: Reference (cite) `cite.leandroGRSL' on input line 33.
Package hyperref Info: Reference (cite) `cite.leandroGRSL' on input line 33.
Package hyperref Info: Anchor `page.13' on input line 39.
[13



Package `hyperref' Info: End of reference (cite) `cite.amilcarInversao', line 9
.
Package `hyperref' Info: End of reference (cite) `cite.amilcarInversao', line 9
.
Package `hyperref' Info: End of reference (cite) `cite.Buland01012003', line 11
.
Package `hyperref' Info: End of reference (cite) `cite.Buland01012003', line 11
.
Package `hyperref' Info: End of reference (cite) `cite.amilcarInversao', line 1
4.
Package `hyperref' Info: End of reference (cite) `cite.amilcarInversao', line 1
4.
Package `hyperref' Info: End of reference (cite) `cite.Buland01012003', line 19
.
Package `hyperref' Info: End of reference (cite) `cite.Buland01012003', line 19
.
Package `hyperref' Info: End of reference (cite) `cite.leandroGRSL', line 33.
Package `hyperref' Info: End of reference (cite) `cite.leandroGRSL', line 33.
]
Package hyperref Info: Reference (link) `figure.caption.6' on input line 46.
Package hyperref Info: Anchor `figure.caption.6' on input line 52.
 <fig/ai_MAP.png, id=323, 371.13657pt x 383.18156pt>
File: fig/ai_MAP.png Graphic file (type png)
 <use fig/ai_MAP.png>
Package pdftex.def Info: fig/ai_MAP.png used on input line 55.
(pdftex.def)             Requested size: 145.87875pt x 150.61542pt.

<fig/ai_mean_GSI_1it.png, id=324, 371.13657pt x 383.18156pt>
File: fig/ai_mean_GSI_1it.png Graphic file (type png)

<use fig/ai_mean_GSI_1it.png>
Package pdftex.def Info: fig/ai_mean_GSI_1it.png used on input line 60.
(pdftex.def)             Requested size: 145.87875pt x 150.61542pt.

<fig/ai_mean_SSD.png, id=325, 371.13657pt x 383.18156pt>
File: fig/ai_mean_SSD.png Graphic file (type png)

<use fig/ai_mean_SSD.png>
Package pdftex.def Info: fig/ai_mean_SSD.png used on input line 65.
(pdftex.def)             Requested size: 145.87875pt x 150.61542pt.
Package hyperref Info: bookmark on input line 70:
(hyperref)             thecounter {3.1}
(hyperref)             text {\protect \numberline {\caption@lstfmt {\@nameuse {
p@figure}}{\@nameuse {thefigure}}}{\ignorespaces Compara√ß√£o entre imagens de 
imped√¢ncia ac√∫stica\relax }}
(hyperref)             reference {figure.caption.6}
(hyperref)             toclevel {0}
(hyperref)             type {lof}.
Package hyperref Info: Reference (link) `figure.caption.6' on input line 73.
Package hyperref Info: Reference (link) `figure.caption.6' on input line 74.
Package hyperref Info: Reference (link) `figure.caption.6' on input line 77.
Package hyperref Info: Anchor `section.3.2' on input line 84.
Package hyperref Info: bookmark on input line 84:
(hyperref)             thecounter {3.2}
(hyperref)             text {\ifnum 1>\c@secnumdepth \else \protect \numberline
 {\csname thesection\endcsname }\fi Plano de trabalho}
(hyperref)             reference {section.3.2}
(hyperref)             toclevel {1}
(hyperref)             type {toc}.
Package hyperref Info: Reference (link) `figure.caption.7' on input line 86.
Package hyperref Info: Anchor `figure.caption.7' on input line 90.
 <fig/gantt.png, id=330, 1300.86pt x 272.51813pt>
File: fig/gantt.png Graphic file (type png)

<use fig/gantt.png>
Package pdftex.def Info: fig/gantt.png used on input line 92.
(pdftex.def)             Requested size: 486.25761pt x 101.86554pt.
Package hyperref Info: bookmark on input line 93:
(hyperref)             thecounter {3.2}
(hyperref)             text {\protect \numberline {\caption@lstfmt {\@nameuse {
p@figure}}{\@nameuse {thefigure}}}{\ignorespaces Cronograma quinzenal do projet
o\relax }}
(hyperref)             reference {figure.caption.7}
(hyperref)             toclevel {0}
(hyperref)             type {lof}.
Package hyperref Info: Anchor `page.14' on input line 106.
 [14
Package `hyperref' Info: End of reference (link) `figure.caption.6', line 46.
Package `hyperref' Info: End of reference (link) `figure.caption.6', line 73.
Package `hyperref' Info: End of reference (link) `figure.caption.6', line 74.
Package `hyperref' Info: End of reference (link) `figure.caption.6', line 77.
Package `hyperref' Info: End of reference (link) `figure.caption.7', line 86.
 <C:/Users/fernando/Dropbox/ufsc/workspaceDexter/EQD/fig/ai_MAP.png> <C:/Users/
fernando/Dropbox/ufsc/workspaceDexter/EQD/fig/ai_mean_GSI_1it.png> <C:/Users/fe
rnando/Dropbox/ufsc/workspaceDexter/EQD/fig/ai_mean_SSD.png>]
LaTeX Font Info:    Try loading font information for OMS+lmr on input line 106.

 ("C:\Program Files\MiKTeX 2.9\tex\latex\lm\omslmr.fd"
File: omslmr.fd 2009/10/30 v1.6 Font defs for Latin Modern
)
LaTeX Font Info:    Font shape `OMS/lmr/m/n' in size <12> not available
(Font)              Font shape `OMS/lmsy/m/n' tried instead on input line 106.
Package hyperref Info: Reference (cite) `cite.azevedo2013_avoinv' on input line
 153.
Package hyperref Info: Reference (cite) `cite.azevedo2013_avoinv' on input line
 153.
Package hyperref Info: Reference (cite) `cite.amilcarInversao' on input line 15
3.
Package hyperref Info: Reference (cite) `cite.amilcarInversao' on input line 15
3.
Package hyperref Info: Reference (cite) `cite.2001amilcarDSS' on input line 153
.
Package hyperref Info: Reference (cite) `cite.2001amilcarDSS' on input line 153
.
Package hyperref Info: Reference (cite) `cite.leandro_SEG' on input line 156.
Package hyperref Info: Reference (cite) `cite.leandro_SEG' on input line 156.
Package hyperref Info: Reference (cite) `cite.leandroGRSL' on input line 156.
)
Package hyperref Info: Anchor `page.15' on input line 137.
 [15
Package `hyperref' Info: End of reference (cite) `cite.azevedo2013_avoinv', lin
e 153.
Package `hyperref' Info: End of reference (cite) `cite.azevedo2013_avoinv', lin
e 153.
Package `hyperref' Info: End of reference (cite) `cite.amilcarInversao', line 1
53.
Package `hyperref' Info: End of reference (cite) `cite.amilcarInversao', line 1
53.
Package `hyperref' Info: End of reference (cite) `cite.2001amilcarDSS', line 15
3.
Package `hyperref' Info: End of reference (cite) `cite.2001amilcarDSS', line 15
3.
Package `hyperref' Info: End of reference (cite) `cite.leandro_SEG', line 156.
Package `hyperref' Info: End of reference (cite) `cite.leandro_SEG', line 156.
Package `hyperref' Info: End of reference (cite) `cite.leandroGRSL', line 156.
 <C:/Users/fernando/Dropbox/ufsc/workspaceDexter/EQD/fig/gantt.png>]
Package hyperref Info: bookmark on input line 143:
(hyperref)             thecounter {3}
(hyperref)             text {Bibliografia}
(hyperref)             reference {figure.caption.7}
(hyperref)             toclevel {0}
(hyperref)             type {toc}.

(C:\Users\fernando\Dropbox\ufsc\workspaceDexter\EQD\dissertacao.bbl
Package hyperref Info: Anchor `chapter*.8' on input line 1.
Package hyperref Info: Anchor `cite.Artun2011143' on input line 3.
Package hyperref Info: Anchor `cite.azevedo2013_avoinv' on input line 9.
Package hyperref Info: Anchor `cite.Buland01012003' on input line 15.
Package hyperref Info: Anchor `cite.BulandWavStochastic' on input line 19.
Package hyperref Info: Anchor `cite.clappRegLeast3D' on input line 24.
Package hyperref Info: Anchor `cite.Martinez2011Topogra' on input line 31.
Package hyperref Info: Anchor `cite.MartinezPSO' on input line 38.
Package hyperref Info: Anchor `cite.leandro_SEG' on input line 45.
Package hyperref Info: Anchor `cite.leandroGRSL' on input line 52.
Package hyperref Info: Anchor `page.16' on input line 58.
 [16


]
Package hyperref Info: Anchor `cite.figsismica' on input line 58.
LaTeX Font Info:    Try loading font information for T1+lmtt on input line 60.

("C:\Program Files\MiKTeX 2.9\tex\latex\lm\t1lmtt.fd"
File: t1lmtt.fd 2009/10/30 v1.6 Font defs for Latin Modern
)
Underfull \hbox (badness 10000) in paragraph at lines 59--61
[][]\T1/lmr/m/n/12 FishSAFE (2014), Seis-mic sur-veys, [][]$\T1/lmtt/m/n/12 htt
p : / / fishsafe . eu / en / offshore-[]structures /$
 []

Package hyperref Info: Anchor `cite.hansenGibbsPrior' on input line 62.
Package hyperref Info: Anchor `cite.isaaks1989geostats' on input line 68.
Package hyperref Info: Anchor `cite.jolliffe2002principal' on input line 72.
Package hyperref Info: Anchor `cite.max_inv_simulated' on input line 76.
Package hyperref Info: Anchor `cite.MallickGeneticInve' on input line 81.
Package hyperref Info: Anchor `cite.Martinez:2010PSO' on input line 87.
Package hyperref Info: Anchor `cite.Sambridge22102013' on input line 93.
Package hyperref Info: Anchor `cite.caers_distance_kernels_MDS' on input line 9
8.
Package hyperref Info: Anchor `cite.sen_livro' on input line 103.
Package hyperref Info: Anchor `cite.senSimulatedAnnealin' on input line 107.
Package hyperref Info: Anchor `cite.Sen1995v' on input line 112.
Package hyperref Info: Anchor `cite.smolyak63quadrature' on input line 117.
Package hyperref Info: Anchor `cite.2001amilcarDSS' on input line 122.
Package hyperref Info: Anchor `page.17' on input line 125.
[17
Package `hyperref' Info: End of reference (link) `figure.caption.7', line 86.
]
Package hyperref Info: Anchor `cite.amilcarInversao' on input line 126.
Package hyperref Info: Anchor `cite.tarantola' on input line 131.
Package hyperref Info: Anchor `cite.TompkinsCupature' on input line 136.
Package hyperref Info: Anchor `cite.TompkinsScalabUnce2011' on input line 142.
Package hyperref Info: Anchor `cite.tompkins_comparisonBayes' on input line 150
.
Package hyperref Info: Anchor `cite.zhe_nonlinear' on input line 156.
Package hyperref Info: Anchor `cite.zunino2014' on input line 162.
)
Package atveryend Info: Empty hook `BeforeClearDocument' on input line 152.
Package hyperref Info: Anchor `page.18' on input line 152.
 [18]
Package atveryend Info: Empty hook `AfterLastShipout' on input line 152.
 (C:\Users\fernando\Dropbox\ufsc\workspaceDexter\EQD\dissertacao.aux
(C:\Users\fernando\Dropbox\ufsc\workspaceDexter\EQD\cap1.aux)
(C:\Users\fernando\Dropbox\ufsc\workspaceDexter\EQD\cap2.aux)
(C:\Users\fernando\Dropbox\ufsc\workspaceDexter\EQD\cap3.aux))
Package atveryend Info: Executing hook `AtVeryEndDocument' on input line 152.
Package atveryend Info: Executing hook `AtEndAfterFileList' on input line 152.
Package rerunfilecheck Info: File `dissertacao.out' has not changed.
(rerunfilecheck)             Checksum: 02A6F13C74DE67DF0D36F27F17DBD76F;736.
Package atveryend Info: Empty hook `AtVeryVeryEnd' on input line 152.
 ) 
Here is how much of TeX's memory you used:
 10515 strings out of 493921
 155237 string characters out of 3147273
 251804 words of memory out of 3000000
 13447 multiletter control sequences out of 15000+200000
 58723 words of font info for 49 fonts, out of 3000000 for 9000
 842 hyphenation exceptions out of 8191
 42i,8n,43p,353b,493s stack positions out of 5000i,500n,10000p,200000b,50000s
{C:/Program Files/MiKTeX 2.9/fonts/enc/dvips/lm/lm-ec.enc}{C:/Program Files/M
iKTeX 2.9/fonts/enc/dvips/lm/lm-rm.enc}{C:/Program Files/MiKTeX 2.9/fonts/enc/d
vips/lm/lm-mathit.enc}{C:/Program Files/MiKTeX 2.9/fonts/enc/dvips/lm/lm-mathex
.enc}{C:/Program Files/MiKTeX 2.9/fonts/enc/dvips/lm/lm-mathsy.enc}<C:/Program 
Files/MiKTeX 2.9/fonts/type1/public/lm/lmbx12.pfb><C:/Program Files/MiKTeX 2.9/
fonts/type1/public/lm/lmcsc10.pfb><C:/Program Files/MiKTeX 2.9/fonts/type1/publ
ic/lm/lmex10.pfb><C:/Program Files/MiKTeX 2.9/fonts/type1/public/lm/lmmi12.pfb>
<C:/Program Files/MiKTeX 2.9/fonts/type1/public/lm/lmmi8.pfb><C:/Program Files/
MiKTeX 2.9/fonts/type1/public/lm/lmr10.pfb><C:/Program Files/MiKTeX 2.9/fonts/t
ype1/public/lm/lmr12.pfb><C:/Program Files/MiKTeX 2.9/fonts/type1/public/lm/lmr
8.pfb><C:/Program Files/MiKTeX 2.9/fonts/type1/public/lm/lmri12.pfb><C:/Program
 Files/MiKTeX 2.9/fonts/type1/public/lm/lmsy10.pfb><C:/Program Files/MiKTeX 2.9
/fonts/type1/public/lm/lmsy8.pfb><C:/Program Files/MiKTeX 2.9/fonts/type1/publi
c/lm/lmtt12.pfb>
Output written on dissertacao.pdf (22 pages, 564898 bytes).
PDF statistics:
 435 PDF objects out of 1000 (max. 8388607)
 81 named destinations out of 1000 (max. 500000)
 111 words of extra memory for PDF output out of 10000 (max. 10000000)

